Log file open, 02/11/18 07:36:39
LogInit:Display: Running engine for game: MyProject
LogPlatformFile: Not using cached read wrapper
LogInit:Display: RandInit(-1232610865) SRandInit(-1232610865).
LogTaskGraph: Started task graph with 5 named threads and 8 total threads with 1 sets of task threads.
LogStats: Stats thread started at 0.485072
LogInit: Using libcurl 7.47.1
LogInit:  - built for x86_64-pc-win32
LogInit:  - supports SSL with OpenSSL/1.0.2g
LogInit:  - supports HTTP deflate (compression) using libz 1.2.8
LogInit:  - other features:
LogInit:      CURL_VERSION_SSL
LogInit:      CURL_VERSION_LIBZ
LogInit:      CURL_VERSION_IPV6
LogInit:      CURL_VERSION_ASYNCHDNS
LogInit:      CURL_VERSION_LARGEFILE
LogInit:      CURL_VERSION_IDN
LogInit:  CurlRequestOptions (configurable via config and command line):
LogInit:  - bVerifyPeer = false  - Libcurl will NOT verify peer certificate
LogInit:  - bUseHttpProxy = false  - Libcurl will NOT use HTTP proxy
LogInit:  - bDontReuseConnections = false  - Libcurl will reuse connections
LogInit:  - CertBundlePath = nullptr  - Libcurl will use whatever was configured at build time.
LogInit: Build: ++UE4+Release-4.16-CL-3561208
LogInit: Engine Version: 4.16.3-3561208+++UE4+Release-4.16
LogInit: Compatible Engine Version: 4.16.0-3452394+++UE4+Release-4.16
LogInit: Net CL: 3452394
LogDevObjectVersion: Number of dev versions registered: 16
LogDevObjectVersion:   Dev-Blueprints (B0D832E4-1F89-4F0D-ACCF-7EB736FD4AA2): 9
LogDevObjectVersion:   Dev-Build (E1C64328-A22C-4D53-A36C-8E866417BD8C): 0
LogDevObjectVersion:   Dev-Core (375EC13C-06E4-48FB-B500-84F0262A717E): 2
LogDevObjectVersion:   Dev-Editor (E4B068ED-F494-42E9-A231-DA0B2E46BB41): 17
LogDevObjectVersion:   Dev-Framework (CFFC743F-43B0-4480-9391-14DF171D2073): 23
LogDevObjectVersion:   Dev-Mobile (B02B49B5-BB20-44E9-A304-32B752E40360): 0
LogDevObjectVersion:   Dev-Networking (A4E4105C-59A1-49B5-A7C5-40C4547EDFEE): 0
LogDevObjectVersion:   Dev-Online (39C831C9-5AE6-47DC-9A44-9C173E1C8E7C): 0
LogDevObjectVersion:   Dev-Physics (78F01B33-EBEA-4F98-B9B4-84EACCB95AA2): 0
LogDevObjectVersion:   Dev-Platform (6631380F-2D4D-43E0-8009-CF276956A95A): 0
LogDevObjectVersion:   Dev-Rendering (12F88B9F-8875-4AFC-A67C-D90C383ABD29): 15
LogDevObjectVersion:   Dev-Sequencer (7B5AE74C-D270-4C10-A958-57980B212A5A): 4
LogDevObjectVersion:   Dev-VR (D7296918-1DD6-4BDD-9DE2-64A83CC13884): 0
LogDevObjectVersion:   Dev-LoadTimes (C2A15278-BFE7-4AFE-6C17-90FF531DF755): 1
LogDevObjectVersion:   Private-Geometry (6EACA3D4-40EC-4CC1-B786-8BED09428FC5): 1
LogDevObjectVersion:   Dev-AnimPhys (29E575DD-E0A3-4627-9D10-D276232CDCEA): 3
LogInit: Compiled (64-bit): Jul 28 2017 11:49:47
LogInit: Compiled with Visual C++: 19.00.24215.01
LogInit: Build Configuration: Development
LogInit: Branch Name: ++UE4+Release-4.16
LogInit: Command line:  
LogInit: Base directory: C:/Program Files/Epic Games/UE_4.16/Engine/Binaries/Win64/
LogInit: Installed Engine Build: 1
LogInit: Presizing for max 8388607 objects, including 0 objects not considered by GC, pre-allocating 0 bytes for permanent pool.
LogInit: Object subsystem initialized
[2018.02.11-13.36.40:624][  0]LogInit: Selected Device Profile: [Windows]
[2018.02.11-13.36.40:625][  0]LogInit: Applying CVar settings loaded from the selected device profile: [Windows]
[2018.02.11-13.36.40:722][  0]LogInit: Computer: LAPTOP-VFGLGJ1T
[2018.02.11-13.36.40:722][  0]LogInit: User: LucindaPetersen
[2018.02.11-13.36.40:722][  0]LogInit: CPU Page size=4096, Cores=4
[2018.02.11-13.36.40:722][  0]LogInit: High frequency timer resolution =2.531250 MHz
[2018.02.11-13.36.40:722][  0]LogMemory: Memory total: Physical=7.9GB (8GB approx)
[2018.02.11-13.36.40:722][  0]LogMemory: Platform Memory Stats for Windows
[2018.02.11-13.36.40:722][  0]LogMemory: Process Physical Memory: 273.85 MB used, 273.85 MB peak
[2018.02.11-13.36.40:722][  0]LogMemory: Process Virtual Memory: 260.82 MB used, 260.82 MB peak
[2018.02.11-13.36.40:722][  0]LogMemory: Physical Memory: 3776.08 MB used,  4275.70 MB free, 8051.78 MB total
[2018.02.11-13.36.40:722][  0]LogMemory: Virtual Memory: 643.00 MB used,  4275.70 MB free, 134217728.00 MB total
[2018.02.11-13.36.41:083][  0]LogInit: Using OS detected language (en-US).
[2018.02.11-13.36.41:083][  0]LogInit: Using OS detected locale (en-US).
[2018.02.11-13.36.41:285][  0]LogTextLocalizationManager: No specific localization for 'en-US' exists, so the 'en' localization will be used.
[2018.02.11-13.36.46:826][  0]LogD3D11RHI: D3D11 adapters:
[2018.02.11-13.36.47:466][  0]LogD3D11RHI:    0. 'NVIDIA GeForce GTX 960M' (Feature Level 11_0)
[2018.02.11-13.36.47:466][  0]LogD3D11RHI:       4065/0/4025 MB DedicatedVideo/DedicatedSystem/SharedSystem, Outputs:1, VendorId:0x10de
[2018.02.11-13.36.47:475][  0]LogD3D11RHI:    1. 'Intel(R) HD Graphics 530' (Feature Level 11_0)
[2018.02.11-13.36.47:475][  0]LogD3D11RHI:       128/0/4025 MB DedicatedVideo/DedicatedSystem/SharedSystem, Outputs:0, VendorId:0x8086
[2018.02.11-13.36.47:476][  0]LogD3D11RHI:    2. 'Microsoft Basic Render Driver' (Feature Level 11_0)
[2018.02.11-13.36.47:476][  0]LogD3D11RHI:       0/0/4025 MB DedicatedVideo/DedicatedSystem/SharedSystem, Outputs:0, VendorId:0x1414
[2018.02.11-13.36.47:476][  0]LogD3D11RHI: Chosen D3D11 Adapter: 0
[2018.02.11-13.36.47:483][  0]LogD3D11RHI: Creating new Direct3DDevice
[2018.02.11-13.36.47:483][  0]LogD3D11RHI:     GPU DeviceId: 0x139b (for the marketing name, search the web for "GPU Device Id")
[2018.02.11-13.36.47:483][  0]LogWindows: EnumDisplayDevices:
[2018.02.11-13.36.47:483][  0]LogWindows:    0. 'Intel(R) HD Graphics 530' (P:1 D:1)
[2018.02.11-13.36.47:483][  0]LogWindows:    1. 'Intel(R) HD Graphics 530' (P:0 D:0)
[2018.02.11-13.36.47:484][  0]LogWindows:    2. 'Intel(R) HD Graphics 530' (P:0 D:0)
[2018.02.11-13.36.47:484][  0]LogWindows: DebugString: PrimaryIsNotTheChoosenAdapter PrimaryIsNotTheChoosenAdapter PrimaryIsNotTheChoosenAdapter FoundDriverCount:0 
[2018.02.11-13.36.47:484][  0]LogD3D11RHI:     Adapter Name: NVIDIA GeForce GTX 960M
[2018.02.11-13.36.47:484][  0]LogD3D11RHI:   Driver Version: Unknown (internal:Unknown, unified:Unknown)
[2018.02.11-13.36.47:484][  0]LogD3D11RHI:      Driver Date: Unknown
[2018.02.11-13.36.47:484][  0]LogRHI: Texture pool is 1361 MB (70% of 1945 MB)
[2018.02.11-13.36.48:108][  0]LogD3D11RHI: Async texture creation enabled
[2018.02.11-13.36.48:143][  0]LogD3D11RHI: GPU Timing Frequency: 1000.000000 (Debug: 2 1)
[2018.02.11-13.36.48:144][  0]LogShaderCompilers: Guid format shader working directory is -24 characters bigger than the processId version (../../../../../../Users/Lucinda Petersen/Documents/GitHub/Slackoff/Office Slacker/Intermediate/Shaders/WorkingDirectory/4748/).
[2018.02.11-13.36.48:144][  0]LogShaderCompilers: Cleaned the shader compiler working directory 'C:/Users/Lucinda Petersen/AppData/Local/Temp/UnrealShaderWorkingDir/D36FE9E34C0E9D4B61C3E887670134AE/'.
[2018.02.11-13.36.48:144][  0]LogShaderCompilers:Display: Using Local Shader Compiler.
[2018.02.11-13.36.55:692][  0]LogTemp:Display: Loaded TP AllDesktopTargetPlatform
[2018.02.11-13.36.56:234][  0]LogTemp:Display: Loaded TP MacClientTargetPlatform
[2018.02.11-13.36.56:326][  0]LogTemp:Display: Loaded TP MacNoEditorTargetPlatform
[2018.02.11-13.36.56:422][  0]LogTemp:Display: Loaded TP MacServerTargetPlatform
[2018.02.11-13.36.57:027][  0]LogTemp:Display: Loaded TP MacTargetPlatform
[2018.02.11-13.36.57:109][  0]LogTemp:Display: Loaded TP WindowsClientTargetPlatform
[2018.02.11-13.36.57:396][  0]LogTemp:Display: Loaded TP WindowsNoEditorTargetPlatform
[2018.02.11-13.36.57:467][  0]LogTemp:Display: Loaded TP WindowsServerTargetPlatform
[2018.02.11-13.36.57:533][  0]LogTemp:Display: Loaded TP WindowsTargetPlatform
[2018.02.11-13.36.57:652][  0]LogTemp:Display: Loaded TP AndroidTargetPlatform
[2018.02.11-13.36.57:791][  0]LogTemp:Display: Loaded TP Android_ASTCTargetPlatform
[2018.02.11-13.36.57:870][  0]LogTemp:Display: Loaded TP Android_ATCTargetPlatform
[2018.02.11-13.36.57:965][  0]LogTemp:Display: Loaded TP Android_DXTTargetPlatform
[2018.02.11-13.36.58:089][  0]LogTemp:Display: Loaded TP Android_ETC1TargetPlatform
[2018.02.11-13.36.58:196][  0]LogTemp:Display: Loaded TP Android_ETC2TargetPlatform
[2018.02.11-13.36.58:372][  0]LogTemp:Display: Loaded TP Android_MultiTargetPlatform
[2018.02.11-13.36.58:373][  0]LogTemp:Display: Loaded TP Android_PVRTCTargetPlatform
[2018.02.11-13.36.58:439][  0]LogTemp:Display: Loaded TP HTML5TargetPlatform
[2018.02.11-13.36.58:699][  0]LogTemp:Display: Loaded TP IOSTargetPlatform
[2018.02.11-13.36.58:729][  0]LogTemp:Display: Loaded TP TVOSTargetPlatform
[2018.02.11-13.36.58:794][  0]LogTemp:Display: Loaded TP LinuxClientTargetPlatform
[2018.02.11-13.36.58:908][  0]LogTemp:Display: Loaded TP LinuxNoEditorTargetPlatform
[2018.02.11-13.36.58:976][  0]LogTemp:Display: Loaded TP LinuxServerTargetPlatform
[2018.02.11-13.36.59:074][  0]LogTemp:Display: Loaded TP LinuxTargetPlatform
[2018.02.11-13.36.59:074][  0]LogTargetPlatformManager:Display: Building Assets For Windows
[2018.02.11-13.37.01:819][  0]LogDerivedDataCache:Display: Max Cache Size: 512 MB
[2018.02.11-13.37.02:782][  0]LogDerivedDataCache: Loaded boot cache 0.96s 90MB C:/Users/Lucinda Petersen/AppData/Local/UnrealEngine/4.16/DerivedDataCache/Boot.ddc.
[2018.02.11-13.37.02:782][  0]LogDerivedDataCache:Display: Loaded Boot cache: C:/Users/Lucinda Petersen/AppData/Local/UnrealEngine/4.16/DerivedDataCache/Boot.ddc
[2018.02.11-13.37.02:782][  0]LogDerivedDataCache: FDerivedDataBackendGraph:  Pak pak cache file ../../../../../../Users/Lucinda Petersen/Documents/GitHub/Slackoff/Office Slacker/DerivedDataCache/DDC.ddp not found, will not use a pak cache.
[2018.02.11-13.37.02:782][  0]LogDerivedDataCache: Unable to find inner node Pak for hierarchical cache Hierarchy.
[2018.02.11-13.37.02:782][  0]LogDerivedDataCache: FDerivedDataBackendGraph:  CompressedPak pak cache file ../../../../../../Users/Lucinda Petersen/Documents/GitHub/Slackoff/Office Slacker/DerivedDataCache/Compressed.ddp not found, will not use a pak cache.
[2018.02.11-13.37.02:782][  0]LogDerivedDataCache: Unable to find inner node CompressedPak for hierarchical cache Hierarchy.
[2018.02.11-13.37.02:856][  0]LogDerivedDataCache:Display: Pak cache opened for reading ../../../Engine/DerivedDataCache/Compressed.ddp.
[2018.02.11-13.37.02:869][  0]LogDerivedDataCache: Using Local data cache path C:/Users/Lucinda Petersen/AppData/Local/UnrealEngine/Common/DerivedDataCache: Writable
[2018.02.11-13.37.02:880][  0]LogMaterial: Verifying Global Shaders for PCD3D_SM5
[2018.02.11-13.37.02:880][  0]LogSlate: Using Freetype 2.6.0
[2018.02.11-13.37.03:123][  0]LogSlate: SlateFontCache - WITH_FREETYPE: 1, WITH_HARFBUZZ: 1
[2018.02.11-13.37.03:123][  0]LogSlate: SlateFontCache - WITH_FREETYPE: 1, WITH_HARFBUZZ: 1
[2018.02.11-13.37.10:000][  0]LogInit: Selected Device Profile: [Windows]
[2018.02.11-13.37.10:592][  0]LogContentStreaming: Texture pool size is 0.00 MB
[2018.02.11-13.37.11:013][  0]LogMeshUtilities: Using QuadricMeshReduction for automatic static mesh reduction
[2018.02.11-13.37.11:151][  0]LogSimplygon: Simplygon DLL not present - disabling.
[2018.02.11-13.37.11:269][  0]LogMeshUtilities: Using SimplygonSwarm for distributed automatic mesh merging
[2018.02.11-13.37.11:269][  0]LogMeshUtilities: No automatic skeletal mesh reduction module available
[2018.02.11-13.37.11:269][  0]LogMeshUtilities: No automatic mesh merging module available
[2018.02.11-13.37.12:708][  0]LogNetVersion: MyProject , NetCL: 3452394, EngineNetVer: 2, GameNetVer: 0 (Checksum: 1111101373)
[2018.02.11-13.37.12:775][  0]LogAssetRegistry: FAssetRegistry took 0.0289 seconds to start up
[2018.02.11-13.37.13:885][  0]LogPackageLocalizationCache: Processed 4 localized package path(s) for 2 prioritized culture(s) in 1.087029 seconds
[2018.02.11-13.37.13:890][  0]LogUObjectArray: 34194 objects as part of root set at end of initial load.
[2018.02.11-13.37.13:890][  0]LogUObjectAllocator: 7260416 out of 0 bytes used by permanent object pool.
[2018.02.11-13.37.13:890][  0]LogUObjectArray: CloseDisregardForGC: 0/0 objects in disregard for GC pool
[2018.02.11-13.37.13:971][  0]LogInit: WinSock: version 1.1 (2.2), MaxSocks=32767, MaxUdp=65467
[2018.02.11-13.37.47:083][  0]LogTcpMessaging: Initializing TcpMessaging bridge
[2018.02.11-13.37.47:140][  0]LogUdpMessaging: Initializing bridge on interface 0.0.0.0:0 to multicast group 230.0.0.1:6666.
[2018.02.11-13.37.48:307][  0]LogMaterial: Uniform references updated for custom material expression Custom.
[2018.02.11-13.37.48:854][  0]SourceControl: Info Source control is disabled
[2018.02.11-13.37.48:855][  0]SourceControl: Info Source control is disabled
[2018.02.11-13.37.48:939][  0]SourceControl: Info Source control is disabled
[2018.02.11-13.37.49:025][  0]SourceControl: Info Source control is disabled
[2018.02.11-13.37.50:210][  0]LogAndroidPermission: UAndroidPermissionCallbackProxy::GetInstance
[2018.02.11-13.37.51:259][  0]LogEngine: Initializing Engine...
[2018.02.11-13.37.51:259][  0]LogHMD: Failed to initialize OpenVR with code 110
[2018.02.11-13.37.51:483][  0]LogStats: UGameplayTagsManager::ConstructGameplayTagTree: Construct from data asset -  0.000 s
[2018.02.11-13.37.51:483][  0]LogStats: UGameplayTagsManager::ConstructGameplayTagTree: GameplayTagTreeChangedEvent.Broadcast -  0.000 s
[2018.02.11-13.37.51:677][  0]LogAIModule: Creating AISystem for world Untitled
[2018.02.11-13.37.51:705][  0]LogInit: XAudio2 using 'Speakers (Realtek High Definition Audio)' : 2 channels at 48 kHz using 32 bits per sample (channel mask 0x3)
[2018.02.11-13.37.51:787][  0]LogInit: FAudioDevice initialized.
[2018.02.11-13.37.51:834][  0]LogDerivedDataCache: Saved boot cache 0.05s 90MB C:/Users/Lucinda Petersen/AppData/Local/UnrealEngine/4.16/DerivedDataCache/Boot.ddc.
[2018.02.11-13.37.51:839][  0]LogInit: Texture streaming: Enabled
[2018.02.11-13.37.52:041][  0]LogEngineSessionManager: EngineSessionManager initialized
[2018.02.11-13.37.53:222][  0]LogInit: Transaction tracking system initialized
[2018.02.11-13.37.54:055][  0]BlueprintLog: New page: Editor Load
[2018.02.11-13.37.56:204][  0]LocalizationService: Info Localization service is disabled
[2018.02.11-13.37.57:393][  0]LogConsoleResponse:Display: 
[2018.02.11-13.37.59:451][  0]LogCook:Display: Max memory allowance for cook 16384mb min free memory 0mb
[2018.02.11-13.37.59:451][  0]LogCook:Display: Mobile HDR setting 1
[2018.02.11-13.38.00:242][  0]LogFileCache: Scanning file cache for directory 'C:/Users/Lucinda Petersen/Documents/GitHub/Slackoff/Office Slacker/Content/' took 0.02s
[2018.02.11-13.38.03:122][  0]SourceControl: Info Source control is disabled
[2018.02.11-13.38.03:122][  0]Cmd: MAP LOAD FILE="../../../../../../Users/Lucinda Petersen/Documents/GitHub/Slackoff/Office Slacker/Content/TopDownBP/Maps/TopDownExampleMap.umap" TEMPLATE=0 SHOWPROGRESS=1 FEATURELEVEL=3
[2018.02.11-13.38.03:170][  0]LightingResults: New page: Lighting Build
[2018.02.11-13.38.03:221][  0]MapCheck: New page: Map Check
[2018.02.11-13.38.03:221][  0]LightingResults: New page: Lighting Build
[2018.02.11-13.38.05:667][  0]LogAIModule: Creating AISystem for world TopDownExampleMap
[2018.02.11-13.38.05:686][  0]LogEditorServer: Finished looking for orphan Actors (0.000 secs)
[2018.02.11-13.38.05:710][  0]Cmd: MAP CHECKDEP NOCLEARLOG
[2018.02.11-13.38.05:765][  0]MapCheck: Info Map check complete: 0 Error(s), 0 Warning(s), took 54.729ms to complete.
[2018.02.11-13.38.05:765][  0]LogFileHelpers: Loading map 'TopDownExampleMap' took 2.642
[2018.02.11-13.38.06:246][  0]LogCollectionManager: Loaded 0 collections in 0.002148 seconds
[2018.02.11-13.38.06:337][  0]LogFileCache: Scanning file cache for directory 'C:/Users/Lucinda Petersen/Documents/GitHub/Slackoff/Office Slacker/Saved/Collections/' took 0.01s
[2018.02.11-13.38.06:337][  0]LogFileCache: Scanning file cache for directory 'C:/Users/Lucinda Petersen/Documents/GitHub/Slackoff/Office Slacker/Content/Developers/LucindaPetersen/Collections/' took 0.01s
[2018.02.11-13.38.06:337][  0]LogFileCache: Scanning file cache for directory 'C:/Users/Lucinda Petersen/Documents/GitHub/Slackoff/Office Slacker/Content/Collections/' took 0.01s
[2018.02.11-13.38.06:337][  0]LogCollectionManager: Rebuilt the GUID cache for 0 collections in 0.000002 seconds
[2018.02.11-13.38.06:348][  0]LogContentBrowser: Native class hierarchy populated in 0.0103 seconds. Added 2329 classes and 491 folders.
[2018.02.11-13.38.06:441][  0]LogContentBrowser: Native class hierarchy updated for 'WidgetCarousel' in 0.0006 seconds. Added 0 classes and 0 folders.
[2018.02.11-13.38.08:623][  0]LogContentBrowser: Native class hierarchy updated for 'AddContentDialog' in 0.0005 seconds. Added 0 classes and 0 folders.
[2018.02.11-13.38.08:697][  0]LogContentBrowser: Native class hierarchy updated for 'SceneOutliner' in 0.0005 seconds. Added 1 classes and 2 folders.
[2018.02.11-13.38.08:820][  0]LogContentBrowser: Native class hierarchy updated for 'WorldBrowser' in 0.0005 seconds. Added 1 classes and 3 folders.
[2018.02.11-13.38.09:097][  0]LogCrashTracker: Crashtracker disabled due to settings.
[2018.02.11-13.38.09:120][  0]LogSlate: Took 0.015023 seconds to synchronously load lazily loaded font '../../../Engine/Content/Slate/Fonts/Roboto-Regular.ttf' (155K)
[2018.02.11-13.38.09:148][  0]LogSlate: Took 0.025737 seconds to synchronously load lazily loaded font '../../../Engine/Content/Slate/Fonts/Roboto-Bold.ttf' (160K)
[2018.02.11-13.38.09:170][  0]LogSlate: Took 0.018442 seconds to synchronously load lazily loaded font '../../../Engine/Content/Editor/Slate/Fonts/FontAwesome.ttf' (139K)
[2018.02.11-13.38.09:376][  0]LogRenderer: Reallocating scene render targets to support 816x436 NumSamples 1 (Frame:1).
[2018.02.11-13.38.09:507][  0]LogUObjectGlobals:Warning: Failed to find object 'Class None.'
[2018.02.11-13.38.09:613][  0]LogContentBrowser: Native class hierarchy updated for 'HierarchicalLODOutliner' in 0.0006 seconds. Added 1 classes and 2 folders.
[2018.02.11-13.38.09:613][  0]LogLoad: (Engine Initialization) Total time: 97.04 seconds
[2018.02.11-13.38.09:613][  0]LogLoad: (Engine Initialization) Total Blueprint compile time: 0.48 seconds
[2018.02.11-13.38.09:613][  0]LogExternalProfiler: No external profilers were discovered.  External profiling features will not be available.
[2018.02.11-13.38.09:953][  0]LogOcInput: OculusInput pre-init called
[2018.02.11-13.38.09:953][  0]LogHMD: Starting GearVRController plugin
[2018.02.11-13.38.09:971][  0]LogAssetRegistry: Asset discovery search completed in 57.2182 seconds
[2018.02.11-13.38.09:973][  0]LogCollectionManager: Rebuilt the object cache for 0 collections in 0.000000 seconds (found 0 objects)
[2018.02.11-13.38.09:973][  0]LogCollectionManager: Fixed up redirectors for 0 collections in 0.000024 seconds (updated 0 objects)
[2018.02.11-13.38.09:977][  0]LogContentStreaming: Texture pool size now 1000 MB
[2018.02.11-13.38.10:051][  0]LogSlate: Took 0.013060 seconds to synchronously load lazily loaded font '../../../Engine/Content/Slate/Fonts/Roboto-Light.ttf' (159K)
[2018.02.11-13.38.10:954][  3]LogSlate: Took 0.000206 seconds to synchronously load lazily loaded font '../../../Engine/Content/Slate/Fonts/Roboto-Light.ttf' (159K)
[2018.02.11-13.38.55:170][754]SourceControl:Error: Error Failed to enable Git source control. You need to install Git and specify a valid path to git executable.
[2018.02.11-13.39.09:005][584]SourceControl:Error: Error Failed to enable Git source control. You need to install Git and specify a valid path to git executable.
[2018.02.11-13.39.38:601][326]SourceControl: Info Source control is disabled
[2018.02.11-13.41.25:182][588]LogSlate: Took 0.000115 seconds to synchronously load lazily loaded font '../../../Engine/Content/Slate/Fonts/Roboto-Light.ttf' (159K)
[2018.02.11-13.41.25:282][588]LogMetaData: Removing '/Game/TopDownBP/Character/Boss_AI/BossCharacter.SKEL_BossCharacter_C' ref from Metadata '/Game/TopDownBP/Character/Boss_AI/SupervisorCharacter.PackageMetaData'
[2018.02.11-13.41.25:282][588]LogMetaData: Removing '/Game/TopDownBP/Character/Boss_AI/BossCharacter.BossCharacter_C' ref from Metadata '/Game/TopDownBP/Character/Boss_AI/SupervisorCharacter.PackageMetaData'
[2018.02.11-13.41.25:411][588]LogSavePackage: Save=58.02ms
[2018.02.11-13.41.25:411][588]LogSavePackage: Moving '../../../../../../Users/Lucinda Petersen/Documents/GitHub/Slackoff/Office Slacker/Saved/BossCharacterDFA4E4834954D318DF80DF8166FCE4F2.tmp' to '../../../../../../Users/Lucinda Petersen/Documents/GitHub/Slackoff/Office Slacker/Content/TopDownBP/Character/Boss_AI/BossCharacter.uasset'
[2018.02.11-13.41.25:421][588]LogSavePackage:Display: Finished SavePackage ../../../../../../Users/Lucinda Petersen/Documents/GitHub/Slackoff/Office Slacker/Content/TopDownBP/Character/Boss_AI/BossCharacter.uasset
[2018.02.11-13.41.44:889][710]LogContentBrowser: Native class hierarchy updated for 'BlueprintGraph' in 0.0009 seconds. Added 112 classes and 0 folders.
[2018.02.11-13.41.45:702][710]LogSlate: Took 0.000103 seconds to synchronously load lazily loaded font '../../../Engine/Content/Slate/Fonts/Roboto-Regular.ttf' (155K)
[2018.02.11-13.41.46:104][710]LogSlate: Took 0.016089 seconds to synchronously load lazily loaded font '../../../Engine/Content/Editor/Slate/Fonts/Roboto-BoldCondensed.ttf' (158K)
[2018.02.11-13.41.46:235][711]LogSlate: Took 0.020071 seconds to synchronously load lazily loaded font '../../../Engine/Content/Editor/Slate/Fonts/Roboto-Italic.ttf' (157K)
[2018.02.11-13.41.56:130][278]LogMetaData: Removing '/Game/TopDownBP/Character/Boss_AI/BossController.SKEL_BossController_C' ref from Metadata '/Game/TopDownBP/Character/Boss_AI/SupervisorController.PackageMetaData'
[2018.02.11-13.41.56:130][278]LogMetaData: Removing '/Game/TopDownBP/Character/Boss_AI/BossController.BossController_C' ref from Metadata '/Game/TopDownBP/Character/Boss_AI/SupervisorController.PackageMetaData'
[2018.02.11-13.41.56:169][278]LogSavePackage: Save=19.57ms
[2018.02.11-13.41.56:169][278]LogSavePackage: Moving '../../../../../../Users/Lucinda Petersen/Documents/GitHub/Slackoff/Office Slacker/Saved/BossControllerFB3667A74F725DFC3FB21A9FACDA6968.tmp' to '../../../../../../Users/Lucinda Petersen/Documents/GitHub/Slackoff/Office Slacker/Content/TopDownBP/Character/Boss_AI/BossController.uasset'
[2018.02.11-13.41.56:172][278]LogSavePackage:Display: Finished SavePackage ../../../../../../Users/Lucinda Petersen/Documents/GitHub/Slackoff/Office Slacker/Content/TopDownBP/Character/Boss_AI/BossController.uasset
[2018.02.11-13.42.11:525][168]LogMaterial: Missing cached shader map for material Supervisor_Body, compiling. 
[2018.02.11-13.42.15:484][168]LogMaterial: Missing cached shader map for material Supervisor_Body, compiling. 
[2018.02.11-13.42.15:571][168]LogMaterial: Missing cached shader map for material Supervisor_Body, compiling. 
[2018.02.11-13.42.15:703][168]LogMaterial: Missing cached shader map for material FMatExpressionPreview MaterialExpressionTextureSample_4, compiling. 
[2018.02.11-13.42.15:709][168]LogMaterial: Missing cached shader map for material FMatExpressionPreview MaterialExpressionVectorParameter_3, compiling. 
[2018.02.11-13.42.15:716][168]LogMaterial: Missing cached shader map for material FMatExpressionPreview MaterialExpressionTextureSampleParameter2D_0, compiling. 
[2018.02.11-13.42.22:575][520]LogMaterial: Missing cached shader map for material Supervisor_Body1, compiling. 
[2018.02.11-13.42.46:095][912]LogSavePackage: Save=21.66ms
[2018.02.11-13.42.46:095][912]LogSavePackage: Moving '../../../../../../Users/Lucinda Petersen/Documents/GitHub/Slackoff/Office Slacker/Saved/Boss_BodyD882A41D483B6AF457FCFAB7BA398C69.tmp' to '../../../../../../Users/Lucinda Petersen/Documents/GitHub/Slackoff/Office Slacker/Content/Mannequin/Character/Materials/Boss_Body.uasset'
[2018.02.11-13.42.46:098][912]LogSavePackage:Display: Finished SavePackage ../../../../../../Users/Lucinda Petersen/Documents/GitHub/Slackoff/Office Slacker/Content/Mannequin/Character/Materials/Boss_Body.uasset
[2018.02.11-13.42.48:313][ 27]LogMaterial: Missing cached shader map for material Boss_Body, compiling. 
[2018.02.11-13.42.48:466][ 27]LogMaterial: Missing cached shader map for material Boss_Body, compiling. 
[2018.02.11-13.42.48:532][ 27]LogMaterial: Missing cached shader map for material Boss_Body, compiling. 
[2018.02.11-13.42.48:626][ 27]LogMaterial: Missing cached shader map for material FMatExpressionPreview MaterialExpressionTextureSample_4, compiling. 
[2018.02.11-13.42.48:631][ 27]LogMaterial: Missing cached shader map for material FMatExpressionPreview MaterialExpressionVectorParameter_3, compiling. 
[2018.02.11-13.42.48:637][ 27]LogMaterial: Missing cached shader map for material FMatExpressionPreview MaterialExpressionTextureSampleParameter2D_0, compiling. 
[2018.02.11-13.42.56:690][487]MaterialEditorStats: Info Base pass shader: 89 instructions
[2018.02.11-13.42.56:690][487]MaterialEditorStats: Info Vertex shader: 31 instructions
[2018.02.11-13.42.56:690][487]MaterialEditorStats: Info Texture samplers: 3/16
[2018.02.11-13.42.56:690][487]MaterialEditorStats: Info User interpolators: 2/4 Scalars (1/4 Vectors) (TexCoords: 2, Custom: 0)
[2018.02.11-13.43.09:954][256]LogMaterial: Missing cached shader map for material FMatExpressionPreview MaterialExpressionVectorParameter_3, compiling. 
[2018.02.11-13.43.09:985][256]LogMaterial: Missing cached shader map for material FMatExpressionPreview MaterialExpressionVectorParameter_3, compiling. 
[2018.02.11-13.43.10:018][256]LogMaterial: Missing cached shader map for material FMatExpressionPreview MaterialExpressionVectorParameter_3, compiling. 
[2018.02.11-13.43.10:048][256]LogMaterial: Missing cached shader map for material FMatExpressionPreview MaterialExpressionVectorParameter_3, compiling. 
[2018.02.11-13.43.10:223][265]LogMaterial: Missing cached shader map for material FMatExpressionPreview MaterialExpressionVectorParameter_3, compiling. 
[2018.02.11-13.43.10:256][265]LogMaterial: Missing cached shader map for material Boss_Body, compiling. 
[2018.02.11-13.43.10:345][265]LogMaterial: Missing cached shader map for material FMatExpressionPreview MaterialExpressionVectorParameter_3, compiling. 
[2018.02.11-13.43.12:806][405]LogMaterial: Missing cached shader map for material FMatExpressionPreview MaterialExpressionVectorParameter_3, compiling. 
[2018.02.11-13.43.12:863][407]LogMaterial: Missing cached shader map for material FMatExpressionPreview MaterialExpressionVectorParameter_3, compiling. 
[2018.02.11-13.43.12:921][409]LogMaterial: Missing cached shader map for material FMatExpressionPreview MaterialExpressionVectorParameter_3, compiling. 
[2018.02.11-13.43.12:954][409]LogMaterial: Missing cached shader map for material FMatExpressionPreview MaterialExpressionVectorParameter_3, compiling. 
[2018.02.11-13.43.12:988][409]LogMaterial: Missing cached shader map for material FMatExpressionPreview MaterialExpressionVectorParameter_3, compiling. 
[2018.02.11-13.43.13:101][414]LogMaterial: Missing cached shader map for material FMatExpressionPreview MaterialExpressionVectorParameter_3, compiling. 
[2018.02.11-13.43.13:376][429]LogMaterial: Missing cached shader map for material FMatExpressionPreview MaterialExpressionVectorParameter_3, compiling. 
[2018.02.11-13.43.13:737][449]LogMaterial: Missing cached shader map for material FMatExpressionPreview MaterialExpressionVectorParameter_3, compiling. 
[2018.02.11-13.43.13:769][449]LogMaterial: Missing cached shader map for material FMatExpressionPreview MaterialExpressionVectorParameter_3, compiling. 
[2018.02.11-13.43.13:801][449]LogMaterial: Missing cached shader map for material FMatExpressionPreview MaterialExpressionVectorParameter_3, compiling. 
[2018.02.11-13.43.13:947][456]LogMaterial: Missing cached shader map for material FMatExpressionPreview MaterialExpressionVectorParameter_3, compiling. 
[2018.02.11-13.43.13:979][456]LogMaterial: Missing cached shader map for material FMatExpressionPreview MaterialExpressionVectorParameter_3, compiling. 
[2018.02.11-13.43.14:012][456]LogMaterial: Missing cached shader map for material FMatExpressionPreview MaterialExpressionVectorParameter_3, compiling. 
[2018.02.11-13.43.14:044][456]LogMaterial: Missing cached shader map for material FMatExpressionPreview MaterialExpressionVectorParameter_3, compiling. 
[2018.02.11-13.43.14:076][456]LogMaterial: Missing cached shader map for material FMatExpressionPreview MaterialExpressionVectorParameter_3, compiling. 
[2018.02.11-13.43.14:109][456]LogMaterial: Missing cached shader map for material FMatExpressionPreview MaterialExpressionVectorParameter_3, compiling. 
[2018.02.11-13.43.14:142][456]LogMaterial: Missing cached shader map for material FMatExpressionPreview MaterialExpressionVectorParameter_3, compiling. 
[2018.02.11-13.43.14:175][456]LogMaterial: Missing cached shader map for material FMatExpressionPreview MaterialExpressionVectorParameter_3, compiling. 
[2018.02.11-13.43.14:208][456]LogMaterial: Missing cached shader map for material FMatExpressionPreview MaterialExpressionVectorParameter_3, compiling. 
[2018.02.11-13.43.14:297][459]LogMaterial: Missing cached shader map for material FMatExpressionPreview MaterialExpressionVectorParameter_3, compiling. 
[2018.02.11-13.43.14:330][459]LogMaterial: Missing cached shader map for material FMatExpressionPreview MaterialExpressionVectorParameter_3, compiling. 
[2018.02.11-13.43.14:398][461]LogMaterial: Missing cached shader map for material FMatExpressionPreview MaterialExpressionVectorParameter_3, compiling. 
[2018.02.11-13.43.14:431][461]LogMaterial: Missing cached shader map for material FMatExpressionPreview MaterialExpressionVectorParameter_3, compiling. 
[2018.02.11-13.43.14:501][463]LogMaterial: Missing cached shader map for material FMatExpressionPreview MaterialExpressionVectorParameter_3, compiling. 
[2018.02.11-13.43.14:536][463]LogMaterial: Missing cached shader map for material FMatExpressionPreview MaterialExpressionVectorParameter_3, compiling. 
[2018.02.11-13.43.14:569][463]LogMaterial: Missing cached shader map for material FMatExpressionPreview MaterialExpressionVectorParameter_3, compiling. 
[2018.02.11-13.43.14:603][463]LogMaterial: Missing cached shader map for material FMatExpressionPreview MaterialExpressionVectorParameter_3, compiling. 
[2018.02.11-13.43.14:683][465]LogMaterial: Missing cached shader map for material FMatExpressionPreview MaterialExpressionVectorParameter_3, compiling. 
[2018.02.11-13.43.14:717][465]LogMaterial: Missing cached shader map for material FMatExpressionPreview MaterialExpressionVectorParameter_3, compiling. 
[2018.02.11-13.43.14:785][467]LogMaterial: Missing cached shader map for material FMatExpressionPreview MaterialExpressionVectorParameter_3, compiling. 
[2018.02.11-13.43.14:818][467]LogMaterial: Missing cached shader map for material FMatExpressionPreview MaterialExpressionVectorParameter_3, compiling. 
[2018.02.11-13.43.14:933][472]LogMaterial: Missing cached shader map for material FMatExpressionPreview MaterialExpressionVectorParameter_3, compiling. 
[2018.02.11-13.43.14:968][472]LogMaterial: Missing cached shader map for material FMatExpressionPreview MaterialExpressionVectorParameter_3, compiling. 
[2018.02.11-13.43.15:000][472]LogMaterial: Missing cached shader map for material FMatExpressionPreview MaterialExpressionVectorParameter_3, compiling. 
[2018.02.11-13.43.15:032][472]LogMaterial: Missing cached shader map for material FMatExpressionPreview MaterialExpressionVectorParameter_3, compiling. 
[2018.02.11-13.43.15:065][472]LogMaterial: Missing cached shader map for material FMatExpressionPreview MaterialExpressionVectorParameter_3, compiling. 
[2018.02.11-13.43.15:177][477]LogMaterial: Missing cached shader map for material FMatExpressionPreview MaterialExpressionVectorParameter_3, compiling. 
[2018.02.11-13.43.15:291][482]LogMaterial: Missing cached shader map for material FMatExpressionPreview MaterialExpressionVectorParameter_3, compiling. 
[2018.02.11-13.43.15:323][482]LogMaterial: Missing cached shader map for material FMatExpressionPreview MaterialExpressionVectorParameter_3, compiling. 
[2018.02.11-13.43.15:357][482]LogMaterial: Missing cached shader map for material FMatExpressionPreview MaterialExpressionVectorParameter_3, compiling. 
[2018.02.11-13.43.15:390][482]LogMaterial: Missing cached shader map for material FMatExpressionPreview MaterialExpressionVectorParameter_3, compiling. 
[2018.02.11-13.43.15:423][482]LogMaterial: Missing cached shader map for material FMatExpressionPreview MaterialExpressionVectorParameter_3, compiling. 
[2018.02.11-13.43.15:455][482]LogMaterial: Missing cached shader map for material FMatExpressionPreview MaterialExpressionVectorParameter_3, compiling. 
[2018.02.11-13.43.15:682][494]LogMaterial: Missing cached shader map for material FMatExpressionPreview MaterialExpressionVectorParameter_3, compiling. 
[2018.02.11-13.43.15:714][494]LogMaterial: Missing cached shader map for material FMatExpressionPreview MaterialExpressionVectorParameter_3, compiling. 
[2018.02.11-13.43.15:747][494]LogMaterial: Missing cached shader map for material FMatExpressionPreview MaterialExpressionVectorParameter_3, compiling. 
[2018.02.11-13.43.15:781][494]LogMaterial: Missing cached shader map for material FMatExpressionPreview MaterialExpressionVectorParameter_3, compiling. 
[2018.02.11-13.43.15:814][494]LogMaterial: Missing cached shader map for material FMatExpressionPreview MaterialExpressionVectorParameter_3, compiling. 
[2018.02.11-13.43.15:847][494]LogMaterial: Missing cached shader map for material FMatExpressionPreview MaterialExpressionVectorParameter_3, compiling. 
[2018.02.11-13.43.15:880][494]LogMaterial: Missing cached shader map for material FMatExpressionPreview MaterialExpressionVectorParameter_3, compiling. 
[2018.02.11-13.43.15:912][494]LogMaterial: Missing cached shader map for material FMatExpressionPreview MaterialExpressionVectorParameter_3, compiling. 
[2018.02.11-13.43.15:945][494]LogMaterial: Missing cached shader map for material FMatExpressionPreview MaterialExpressionVectorParameter_3, compiling. 
[2018.02.11-13.43.15:978][494]LogMaterial: Missing cached shader map for material FMatExpressionPreview MaterialExpressionVectorParameter_3, compiling. 
[2018.02.11-13.43.16:123][501]LogMaterial: Missing cached shader map for material FMatExpressionPreview MaterialExpressionVectorParameter_3, compiling. 
[2018.02.11-13.43.16:158][501]LogMaterial: Missing cached shader map for material FMatExpressionPreview MaterialExpressionVectorParameter_3, compiling. 
[2018.02.11-13.43.16:191][501]LogMaterial: Missing cached shader map for material FMatExpressionPreview MaterialExpressionVectorParameter_3, compiling. 
[2018.02.11-13.43.16:223][501]LogMaterial: Missing cached shader map for material FMatExpressionPreview MaterialExpressionVectorParameter_3, compiling. 
[2018.02.11-13.43.16:255][501]LogMaterial: Missing cached shader map for material FMatExpressionPreview MaterialExpressionVectorParameter_3, compiling. 
[2018.02.11-13.43.16:287][501]LogMaterial: Missing cached shader map for material FMatExpressionPreview MaterialExpressionVectorParameter_3, compiling. 
[2018.02.11-13.43.16:320][501]LogMaterial: Missing cached shader map for material FMatExpressionPreview MaterialExpressionVectorParameter_3, compiling. 
[2018.02.11-13.43.16:353][501]LogMaterial: Missing cached shader map for material FMatExpressionPreview MaterialExpressionVectorParameter_3, compiling. 
[2018.02.11-13.43.16:620][515]LogMaterial: Missing cached shader map for material FMatExpressionPreview MaterialExpressionVectorParameter_3, compiling. 
[2018.02.11-13.43.16:650][515]LogMaterial: Missing cached shader map for material FMatExpressionPreview MaterialExpressionVectorParameter_3, compiling. 
[2018.02.11-13.43.16:681][515]LogMaterial: Missing cached shader map for material FMatExpressionPreview MaterialExpressionVectorParameter_3, compiling. 
[2018.02.11-13.43.16:712][515]LogMaterial: Missing cached shader map for material FMatExpressionPreview MaterialExpressionVectorParameter_3, compiling. 
[2018.02.11-13.43.16:745][515]LogMaterial: Missing cached shader map for material FMatExpressionPreview MaterialExpressionVectorParameter_3, compiling. 
[2018.02.11-13.43.16:822][517]LogMaterial: Missing cached shader map for material FMatExpressionPreview MaterialExpressionVectorParameter_3, compiling. 
[2018.02.11-13.43.16:854][517]LogMaterial: Missing cached shader map for material FMatExpressionPreview MaterialExpressionVectorParameter_3, compiling. 
[2018.02.11-13.43.17:306][542]LogMaterial: Missing cached shader map for material FMatExpressionPreview MaterialExpressionVectorParameter_3, compiling. 
[2018.02.11-13.43.17:363][544]LogMaterial: Missing cached shader map for material FMatExpressionPreview MaterialExpressionVectorParameter_3, compiling. 
[2018.02.11-13.43.17:393][544]LogMaterial: Missing cached shader map for material FMatExpressionPreview MaterialExpressionVectorParameter_3, compiling. 
[2018.02.11-13.43.17:539][551]LogMaterial: Missing cached shader map for material FMatExpressionPreview MaterialExpressionVectorParameter_3, compiling. 
[2018.02.11-13.43.17:572][551]LogMaterial: Missing cached shader map for material Boss_Body, compiling. 
[2018.02.11-13.43.17:655][551]LogMaterial: Missing cached shader map for material FMatExpressionPreview MaterialExpressionVectorParameter_3, compiling. 
[2018.02.11-13.43.18:434][593]LogMaterial: Missing cached shader map for material FMatExpressionPreview MaterialExpressionVectorParameter_3, compiling. 
[2018.02.11-13.43.18:490][595]LogMaterial: Missing cached shader map for material FMatExpressionPreview MaterialExpressionVectorParameter_3, compiling. 
[2018.02.11-13.43.18:522][595]LogMaterial: Missing cached shader map for material FMatExpressionPreview MaterialExpressionVectorParameter_3, compiling. 
[2018.02.11-13.43.18:555][595]LogMaterial: Missing cached shader map for material FMatExpressionPreview MaterialExpressionVectorParameter_3, compiling. 
[2018.02.11-13.43.18:588][595]LogMaterial: Missing cached shader map for material FMatExpressionPreview MaterialExpressionVectorParameter_3, compiling. 
[2018.02.11-13.43.18:620][595]LogMaterial: Missing cached shader map for material FMatExpressionPreview MaterialExpressionVectorParameter_3, compiling. 
[2018.02.11-13.43.18:651][595]LogMaterial: Missing cached shader map for material FMatExpressionPreview MaterialExpressionVectorParameter_3, compiling. 
[2018.02.11-13.43.18:739][599]LogMaterial: Missing cached shader map for material FMatExpressionPreview MaterialExpressionVectorParameter_3, compiling. 
[2018.02.11-13.43.18:771][599]LogMaterial: Missing cached shader map for material FMatExpressionPreview MaterialExpressionVectorParameter_3, compiling. 
[2018.02.11-13.43.18:804][599]LogMaterial: Missing cached shader map for material FMatExpressionPreview MaterialExpressionVectorParameter_3, compiling. 
[2018.02.11-13.43.18:837][599]LogMaterial: Missing cached shader map for material FMatExpressionPreview MaterialExpressionVectorParameter_3, compiling. 
[2018.02.11-13.43.18:869][599]LogMaterial: Missing cached shader map for material FMatExpressionPreview MaterialExpressionVectorParameter_3, compiling. 
[2018.02.11-13.43.18:901][599]LogMaterial: Missing cached shader map for material FMatExpressionPreview MaterialExpressionVectorParameter_3, compiling. 
[2018.02.11-13.43.18:934][599]LogMaterial: Missing cached shader map for material FMatExpressionPreview MaterialExpressionVectorParameter_3, compiling. 
[2018.02.11-13.43.19:190][613]LogMaterial: Missing cached shader map for material FMatExpressionPreview MaterialExpressionVectorParameter_3, compiling. 
[2018.02.11-13.43.19:297][618]LogMaterial: Missing cached shader map for material FMatExpressionPreview MaterialExpressionVectorParameter_3, compiling. 
[2018.02.11-13.43.19:330][618]LogMaterial: Missing cached shader map for material FMatExpressionPreview MaterialExpressionVectorParameter_3, compiling. 
[2018.02.11-13.43.19:363][618]LogMaterial: Missing cached shader map for material FMatExpressionPreview MaterialExpressionVectorParameter_3, compiling. 
[2018.02.11-13.43.19:396][618]LogMaterial: Missing cached shader map for material FMatExpressionPreview MaterialExpressionVectorParameter_3, compiling. 
[2018.02.11-13.43.19:428][618]LogMaterial: Missing cached shader map for material FMatExpressionPreview MaterialExpressionVectorParameter_3, compiling. 
[2018.02.11-13.43.19:460][618]LogMaterial: Missing cached shader map for material FMatExpressionPreview MaterialExpressionVectorParameter_3, compiling. 
[2018.02.11-13.43.19:599][625]LogMaterial: Missing cached shader map for material FMatExpressionPreview MaterialExpressionVectorParameter_3, compiling. 
[2018.02.11-13.43.19:632][625]LogMaterial: Missing cached shader map for material FMatExpressionPreview MaterialExpressionVectorParameter_3, compiling. 
[2018.02.11-13.43.19:665][625]LogMaterial: Missing cached shader map for material FMatExpressionPreview MaterialExpressionVectorParameter_3, compiling. 
[2018.02.11-13.43.19:697][625]LogMaterial: Missing cached shader map for material FMatExpressionPreview MaterialExpressionVectorParameter_3, compiling. 
[2018.02.11-13.43.20:090][647]LogMaterial: Missing cached shader map for material FMatExpressionPreview MaterialExpressionVectorParameter_3, compiling. 
[2018.02.11-13.43.20:147][649]LogMaterial: Missing cached shader map for material FMatExpressionPreview MaterialExpressionVectorParameter_3, compiling. 
[2018.02.11-13.43.20:179][649]LogMaterial: Missing cached shader map for material FMatExpressionPreview MaterialExpressionVectorParameter_3, compiling. 
[2018.02.11-13.43.20:211][649]LogMaterial: Missing cached shader map for material FMatExpressionPreview MaterialExpressionVectorParameter_3, compiling. 
[2018.02.11-13.43.20:245][649]LogMaterial: Missing cached shader map for material FMatExpressionPreview MaterialExpressionVectorParameter_3, compiling. 
[2018.02.11-13.43.20:278][649]LogMaterial: Missing cached shader map for material FMatExpressionPreview MaterialExpressionVectorParameter_3, compiling. 
[2018.02.11-13.43.20:324][650]LogMaterial: Missing cached shader map for material FMatExpressionPreview MaterialExpressionVectorParameter_3, compiling. 
[2018.02.11-13.43.20:414][654]LogMaterial: Missing cached shader map for material FMatExpressionPreview MaterialExpressionVectorParameter_3, compiling. 
[2018.02.11-13.43.20:473][656]LogMaterial: Missing cached shader map for material FMatExpressionPreview MaterialExpressionVectorParameter_3, compiling. 
[2018.02.11-13.43.20:663][666]LogMaterial: Missing cached shader map for material FMatExpressionPreview MaterialExpressionVectorParameter_3, compiling. 
[2018.02.11-13.43.20:890][678]LogMaterial: Missing cached shader map for material FMatExpressionPreview MaterialExpressionVectorParameter_3, compiling. 
[2018.02.11-13.43.20:923][678]LogMaterial: Missing cached shader map for material FMatExpressionPreview MaterialExpressionVectorParameter_3, compiling. 
[2018.02.11-13.43.20:956][678]LogMaterial: Missing cached shader map for material FMatExpressionPreview MaterialExpressionVectorParameter_3, compiling. 
[2018.02.11-13.43.20:989][678]LogMaterial: Missing cached shader map for material FMatExpressionPreview MaterialExpressionVectorParameter_3, compiling. 
[2018.02.11-13.43.21:021][678]LogMaterial: Missing cached shader map for material FMatExpressionPreview MaterialExpressionVectorParameter_3, compiling. 
[2018.02.11-13.43.21:053][678]LogMaterial: Missing cached shader map for material FMatExpressionPreview MaterialExpressionVectorParameter_3, compiling. 
[2018.02.11-13.43.21:100][679]LogMaterial: Missing cached shader map for material FMatExpressionPreview MaterialExpressionVectorParameter_3, compiling. 
[2018.02.11-13.43.21:132][679]LogMaterial: Missing cached shader map for material FMatExpressionPreview MaterialExpressionVectorParameter_3, compiling. 
[2018.02.11-13.43.21:994][729]LogMaterial: Missing cached shader map for material FMatExpressionPreview MaterialExpressionVectorParameter_3, compiling. 
[2018.02.11-13.43.22:028][729]LogMaterial: Missing cached shader map for material FMatExpressionPreview MaterialExpressionVectorParameter_3, compiling. 
[2018.02.11-13.43.22:059][729]LogMaterial: Missing cached shader map for material FMatExpressionPreview MaterialExpressionVectorParameter_3, compiling. 
[2018.02.11-13.43.22:092][729]LogMaterial: Missing cached shader map for material FMatExpressionPreview MaterialExpressionVectorParameter_3, compiling. 
[2018.02.11-13.43.22:187][733]LogMaterial: Missing cached shader map for material FMatExpressionPreview MaterialExpressionVectorParameter_3, compiling. 
[2018.02.11-13.43.22:481][749]LogMaterial: Missing cached shader map for material FMatExpressionPreview MaterialExpressionVectorParameter_3, compiling. 
[2018.02.11-13.43.22:526][750]LogMaterial: Missing cached shader map for material FMatExpressionPreview MaterialExpressionVectorParameter_3, compiling. 
[2018.02.11-13.43.22:557][750]LogMaterial: Missing cached shader map for material FMatExpressionPreview MaterialExpressionVectorParameter_3, compiling. 
[2018.02.11-13.43.22:647][754]LogMaterial: Missing cached shader map for material FMatExpressionPreview MaterialExpressionVectorParameter_3, compiling. 
[2018.02.11-13.43.24:520][865]LogMaterial: Missing cached shader map for material FMatExpressionPreview MaterialExpressionVectorParameter_3, compiling. 
[2018.02.11-13.43.24:550][865]LogMaterial: Missing cached shader map for material FMatExpressionPreview MaterialExpressionVectorParameter_3, compiling. 
[2018.02.11-13.43.24:582][865]LogMaterial: Missing cached shader map for material FMatExpressionPreview MaterialExpressionVectorParameter_3, compiling. 
[2018.02.11-13.43.24:614][865]LogMaterial: Missing cached shader map for material FMatExpressionPreview MaterialExpressionVectorParameter_3, compiling. 
[2018.02.11-13.43.24:648][865]LogMaterial: Missing cached shader map for material FMatExpressionPreview MaterialExpressionVectorParameter_3, compiling. 
[2018.02.11-13.43.24:682][865]LogMaterial: Missing cached shader map for material FMatExpressionPreview MaterialExpressionVectorParameter_3, compiling. 
[2018.02.11-13.43.24:714][865]LogMaterial: Missing cached shader map for material FMatExpressionPreview MaterialExpressionVectorParameter_3, compiling. 
[2018.02.11-13.43.24:782][865]LogMaterial: Missing cached shader map for material FMatExpressionPreview MaterialExpressionVectorParameter_3, compiling. 
[2018.02.11-13.43.24:813][865]LogMaterial: Missing cached shader map for material FMatExpressionPreview MaterialExpressionVectorParameter_3, compiling. 
[2018.02.11-13.43.24:847][865]LogMaterial: Missing cached shader map for material FMatExpressionPreview MaterialExpressionVectorParameter_3, compiling. 
[2018.02.11-13.43.24:880][865]LogMaterial: Missing cached shader map for material FMatExpressionPreview MaterialExpressionVectorParameter_3, compiling. 
[2018.02.11-13.43.24:912][865]LogMaterial: Missing cached shader map for material FMatExpressionPreview MaterialExpressionVectorParameter_3, compiling. 
[2018.02.11-13.43.24:944][865]LogMaterial: Missing cached shader map for material FMatExpressionPreview MaterialExpressionVectorParameter_3, compiling. 
[2018.02.11-13.43.25:117][874]LogMaterial: Missing cached shader map for material FMatExpressionPreview MaterialExpressionVectorParameter_3, compiling. 
[2018.02.11-13.43.25:149][874]LogMaterial: Missing cached shader map for material FMatExpressionPreview MaterialExpressionVectorParameter_3, compiling. 
[2018.02.11-13.43.25:238][878]LogMaterial: Missing cached shader map for material FMatExpressionPreview MaterialExpressionVectorParameter_3, compiling. 
[2018.02.11-13.43.25:272][878]LogMaterial: Missing cached shader map for material FMatExpressionPreview MaterialExpressionVectorParameter_3, compiling. 
[2018.02.11-13.43.25:696][902]LogMaterial: Missing cached shader map for material Boss_Body, compiling. 
[2018.02.11-13.43.25:763][902]LogMaterial: Missing cached shader map for material FMatExpressionPreview MaterialExpressionVectorParameter_3, compiling. 
[2018.02.11-13.43.26:491][944]LogMaterial: Missing cached shader map for material FMatExpressionPreview MaterialExpressionVectorParameter_3, compiling. 
[2018.02.11-13.43.26:549][946]LogMaterial: Missing cached shader map for material FMatExpressionPreview MaterialExpressionVectorParameter_3, compiling. 
[2018.02.11-13.43.26:581][946]LogMaterial: Missing cached shader map for material FMatExpressionPreview MaterialExpressionVectorParameter_3, compiling. 
[2018.02.11-13.43.26:613][946]LogMaterial: Missing cached shader map for material FMatExpressionPreview MaterialExpressionVectorParameter_3, compiling. 
[2018.02.11-13.43.26:646][946]LogMaterial: Missing cached shader map for material FMatExpressionPreview MaterialExpressionVectorParameter_3, compiling. 
[2018.02.11-13.43.26:679][946]LogMaterial: Missing cached shader map for material FMatExpressionPreview MaterialExpressionVectorParameter_3, compiling. 
[2018.02.11-13.43.26:712][946]LogMaterial: Missing cached shader map for material FMatExpressionPreview MaterialExpressionVectorParameter_3, compiling. 
[2018.02.11-13.43.26:743][946]LogMaterial: Missing cached shader map for material FMatExpressionPreview MaterialExpressionVectorParameter_3, compiling. 
[2018.02.11-13.43.26:865][952]LogMaterial: Missing cached shader map for material FMatExpressionPreview MaterialExpressionVectorParameter_3, compiling. 
[2018.02.11-13.43.27:771][  5]LogMaterial: Missing cached shader map for material FMatExpressionPreview MaterialExpressionVectorParameter_3, compiling. 
[2018.02.11-13.43.27:804][  5]LogMaterial: Missing cached shader map for material Boss_Body, compiling. 
[2018.02.11-13.43.27:894][  5]LogMaterial: Missing cached shader map for material FMatExpressionPreview MaterialExpressionVectorParameter_3, compiling. 
[2018.02.11-13.43.29:655][109]LogMaterial: Missing cached shader map for material FMatExpressionPreview MaterialExpressionVectorParameter_3, compiling. 
[2018.02.11-13.43.29:701][110]LogMaterial: Missing cached shader map for material FMatExpressionPreview MaterialExpressionVectorParameter_3, compiling. 
[2018.02.11-13.43.29:734][110]LogMaterial: Missing cached shader map for material FMatExpressionPreview MaterialExpressionVectorParameter_3, compiling. 
[2018.02.11-13.43.29:766][110]LogMaterial: Missing cached shader map for material FMatExpressionPreview MaterialExpressionVectorParameter_3, compiling. 
[2018.02.11-13.43.30:360][144]LogMaterial: Missing cached shader map for material FMatExpressionPreview MaterialExpressionVectorParameter_3, compiling. 
[2018.02.11-13.43.30:393][144]LogMaterial: Missing cached shader map for material FMatExpressionPreview MaterialExpressionVectorParameter_3, compiling. 
[2018.02.11-13.43.30:426][144]LogMaterial: Missing cached shader map for material FMatExpressionPreview MaterialExpressionVectorParameter_3, compiling. 
[2018.02.11-13.43.30:459][144]LogMaterial: Missing cached shader map for material FMatExpressionPreview MaterialExpressionVectorParameter_3, compiling. 
[2018.02.11-13.43.30:491][144]LogMaterial: Missing cached shader map for material FMatExpressionPreview MaterialExpressionVectorParameter_3, compiling. 
[2018.02.11-13.43.30:525][144]LogMaterial: Missing cached shader map for material FMatExpressionPreview MaterialExpressionVectorParameter_3, compiling. 
[2018.02.11-13.43.30:558][144]LogMaterial: Missing cached shader map for material FMatExpressionPreview MaterialExpressionVectorParameter_3, compiling. 
[2018.02.11-13.43.30:628][146]LogMaterial: Missing cached shader map for material FMatExpressionPreview MaterialExpressionVectorParameter_3, compiling. 
[2018.02.11-13.43.30:689][148]LogMaterial: Missing cached shader map for material FMatExpressionPreview MaterialExpressionVectorParameter_3, compiling. 
[2018.02.11-13.43.30:734][149]LogMaterial: Missing cached shader map for material FMatExpressionPreview MaterialExpressionVectorParameter_3, compiling. 
[2018.02.11-13.43.30:767][149]LogMaterial: Missing cached shader map for material FMatExpressionPreview MaterialExpressionVectorParameter_3, compiling. 
[2018.02.11-13.43.30:800][149]LogMaterial: Missing cached shader map for material FMatExpressionPreview MaterialExpressionVectorParameter_3, compiling. 
[2018.02.11-13.43.30:833][149]LogMaterial: Missing cached shader map for material FMatExpressionPreview MaterialExpressionVectorParameter_3, compiling. 
[2018.02.11-13.43.30:865][149]LogMaterial: Missing cached shader map for material FMatExpressionPreview MaterialExpressionVectorParameter_3, compiling. 
[2018.02.11-13.43.31:300][172]LogMaterial: Missing cached shader map for material FMatExpressionPreview MaterialExpressionVectorParameter_3, compiling. 
[2018.02.11-13.43.31:333][172]LogMaterial: Missing cached shader map for material FMatExpressionPreview MaterialExpressionVectorParameter_3, compiling. 
[2018.02.11-13.43.31:366][172]LogMaterial: Missing cached shader map for material FMatExpressionPreview MaterialExpressionVectorParameter_3, compiling. 
[2018.02.11-13.43.31:398][172]LogMaterial: Missing cached shader map for material FMatExpressionPreview MaterialExpressionVectorParameter_3, compiling. 
[2018.02.11-13.43.31:429][172]LogMaterial: Missing cached shader map for material FMatExpressionPreview MaterialExpressionVectorParameter_3, compiling. 
[2018.02.11-13.43.31:462][172]LogMaterial: Missing cached shader map for material FMatExpressionPreview MaterialExpressionVectorParameter_3, compiling. 
[2018.02.11-13.43.31:521][174]LogMaterial: Missing cached shader map for material FMatExpressionPreview MaterialExpressionVectorParameter_3, compiling. 
[2018.02.11-13.43.31:553][174]LogMaterial: Missing cached shader map for material FMatExpressionPreview MaterialExpressionVectorParameter_3, compiling. 
[2018.02.11-13.43.31:612][176]LogMaterial: Missing cached shader map for material FMatExpressionPreview MaterialExpressionVectorParameter_3, compiling. 
[2018.02.11-13.43.31:645][176]LogMaterial: Missing cached shader map for material FMatExpressionPreview MaterialExpressionVectorParameter_3, compiling. 
[2018.02.11-13.43.31:704][178]LogMaterial: Missing cached shader map for material FMatExpressionPreview MaterialExpressionVectorParameter_3, compiling. 
[2018.02.11-13.43.31:737][178]LogMaterial: Missing cached shader map for material FMatExpressionPreview MaterialExpressionVectorParameter_3, compiling. 
[2018.02.11-13.43.32:327][212]LogMaterial: Missing cached shader map for material FMatExpressionPreview MaterialExpressionVectorParameter_3, compiling. 
[2018.02.11-13.43.32:360][212]LogMaterial: Missing cached shader map for material FMatExpressionPreview MaterialExpressionVectorParameter_3, compiling. 
[2018.02.11-13.43.32:394][212]LogMaterial: Missing cached shader map for material FMatExpressionPreview MaterialExpressionVectorParameter_3, compiling. 
[2018.02.11-13.43.32:427][212]LogMaterial: Missing cached shader map for material FMatExpressionPreview MaterialExpressionVectorParameter_3, compiling. 
[2018.02.11-13.43.32:472][213]LogMaterial: Missing cached shader map for material FMatExpressionPreview MaterialExpressionVectorParameter_3, compiling. 
[2018.02.11-13.43.32:505][213]LogMaterial: Missing cached shader map for material FMatExpressionPreview MaterialExpressionVectorParameter_3, compiling. 
[2018.02.11-13.43.32:538][213]LogMaterial: Missing cached shader map for material FMatExpressionPreview MaterialExpressionVectorParameter_3, compiling. 
[2018.02.11-13.43.32:862][231]LogMaterial: Missing cached shader map for material FMatExpressionPreview MaterialExpressionVectorParameter_3, compiling. 
[2018.02.11-13.43.32:896][231]LogMaterial: Missing cached shader map for material FMatExpressionPreview MaterialExpressionVectorParameter_3, compiling. 
[2018.02.11-13.43.32:929][231]LogMaterial: Missing cached shader map for material FMatExpressionPreview MaterialExpressionVectorParameter_3, compiling. 
[2018.02.11-13.43.32:961][231]LogMaterial: Missing cached shader map for material FMatExpressionPreview MaterialExpressionVectorParameter_3, compiling. 
[2018.02.11-13.43.32:994][231]LogMaterial: Missing cached shader map for material FMatExpressionPreview MaterialExpressionVectorParameter_3, compiling. 
[2018.02.11-13.43.33:083][235]LogMaterial: Missing cached shader map for material FMatExpressionPreview MaterialExpressionVectorParameter_3, compiling. 
[2018.02.11-13.43.33:491][258]LogMaterial: Missing cached shader map for material FMatExpressionPreview MaterialExpressionVectorParameter_3, compiling. 
[2018.02.11-13.43.33:524][258]LogMaterial: Missing cached shader map for material FMatExpressionPreview MaterialExpressionVectorParameter_3, compiling. 
[2018.02.11-13.43.33:557][258]LogMaterial: Missing cached shader map for material FMatExpressionPreview MaterialExpressionVectorParameter_3, compiling. 
[2018.02.11-13.43.33:616][260]LogMaterial: Missing cached shader map for material FMatExpressionPreview MaterialExpressionVectorParameter_3, compiling. 
[2018.02.11-13.43.33:649][260]LogMaterial: Missing cached shader map for material FMatExpressionPreview MaterialExpressionVectorParameter_3, compiling. 
[2018.02.11-13.43.33:860][271]LogMaterial: Missing cached shader map for material FMatExpressionPreview MaterialExpressionVectorParameter_3, compiling. 
[2018.02.11-13.43.33:894][271]LogMaterial: Missing cached shader map for material Boss_Body, compiling. 
[2018.02.11-13.43.33:996][271]LogMaterial: Missing cached shader map for material FMatExpressionPreview MaterialExpressionVectorParameter_3, compiling. 
[2018.02.11-13.43.36:719][429]LogMaterial: Missing cached shader map for material FMatExpressionPreview MaterialExpressionVectorParameter_3, compiling. 
[2018.02.11-13.43.36:777][431]LogMaterial: Missing cached shader map for material FMatExpressionPreview MaterialExpressionVectorParameter_3, compiling. 
[2018.02.11-13.43.36:811][431]LogMaterial: Missing cached shader map for material FMatExpressionPreview MaterialExpressionVectorParameter_3, compiling. 
[2018.02.11-13.43.36:844][431]LogMaterial: Missing cached shader map for material FMatExpressionPreview MaterialExpressionVectorParameter_3, compiling. 
[2018.02.11-13.43.36:877][431]LogMaterial: Missing cached shader map for material FMatExpressionPreview MaterialExpressionVectorParameter_3, compiling. 
[2018.02.11-13.43.37:204][449]LogMaterial: Missing cached shader map for material FMatExpressionPreview MaterialExpressionVectorParameter_3, compiling. 
[2018.02.11-13.43.37:237][449]LogMaterial: Missing cached shader map for material FMatExpressionPreview MaterialExpressionVectorParameter_3, compiling. 
[2018.02.11-13.43.37:271][449]LogMaterial: Missing cached shader map for material FMatExpressionPreview MaterialExpressionVectorParameter_3, compiling. 
[2018.02.11-13.43.37:564][465]LogMaterial: Missing cached shader map for material Boss_Body, compiling. 
[2018.02.11-13.43.37:656][465]LogMaterial: Missing cached shader map for material FMatExpressionPreview MaterialExpressionVectorParameter_3, compiling. 
[2018.02.11-13.43.39:459][566]LogMaterial: Missing cached shader map for material Boss_Body, compiling. 
[2018.02.11-13.43.39:553][566]LogMaterial: Missing cached shader map for material FMatExpressionPreview MaterialExpressionVectorParameter_3, compiling. 
[2018.02.11-13.43.45:617][925]MaterialEditorStats: Info Base pass shader: 89 instructions
[2018.02.11-13.43.45:617][925]MaterialEditorStats: Info Vertex shader: 31 instructions
[2018.02.11-13.43.45:617][925]MaterialEditorStats: Info Texture samplers: 3/16
[2018.02.11-13.43.45:617][925]MaterialEditorStats: Info User interpolators: 2/4 Scalars (1/4 Vectors) (TexCoords: 2, Custom: 0)
[2018.02.11-13.43.46:558][981]LogMaterial: Missing cached shader map for material Boss_Body, compiling. 
[2018.02.11-13.43.46:640][981]LogMaterial: Missing cached shader map for material FMatExpressionPreview MaterialExpressionVectorParameter_3, compiling. 
[2018.02.11-13.43.50:651][216]LogMaterial: Missing cached shader map for material Boss_Body, compiling. 
[2018.02.11-13.43.50:737][216]LogMaterial: Missing cached shader map for material FMatExpressionPreview MaterialExpressionVectorParameter_3, compiling. 
[2018.02.11-13.43.56:324][550]MaterialEditorStats: Info Base pass shader: 89 instructions
[2018.02.11-13.43.56:324][550]MaterialEditorStats: Info Vertex shader: 31 instructions
[2018.02.11-13.43.56:324][550]MaterialEditorStats: Info Texture samplers: 3/16
[2018.02.11-13.43.56:324][550]MaterialEditorStats: Info User interpolators: 2/4 Scalars (1/4 Vectors) (TexCoords: 2, Custom: 0)
[2018.02.11-13.44.02:168][892]LogMaterialEditor: Saving and Compiling material Boss_Body
[2018.02.11-13.44.04:326][892]LogMaterial: Missing cached shader map for material Boss_Body, compiling. 
[2018.02.11-13.44.04:584][892]LogMaterial: Missing cached shader map for material Boss_Body, compiling. 
[2018.02.11-13.44.04:711][892]LogMaterial: Missing cached shader map for material Boss_Body, compiling. 
[2018.02.11-13.44.04:858][892]LogMaterial: Missing cached shader map for material FDebugViewModeMaterialProxy Boss_Body, compiling. 
[2018.02.11-13.44.09:622][892]TextureStreamingBuild:Display: Compiling optional shaders took 4.774 seconds.
[2018.02.11-13.44.16:481][892]LogSavePackage: Save=23.67ms
[2018.02.11-13.44.16:481][892]LogSavePackage: Moving '../../../../../../Users/Lucinda Petersen/Documents/GitHub/Slackoff/Office Slacker/Saved/Boss_Body05FBA63D410E3F3EFC51A990CFB66D9D.tmp' to '../../../../../../Users/Lucinda Petersen/Documents/GitHub/Slackoff/Office Slacker/Content/Mannequin/Character/Materials/Boss_Body.uasset'
[2018.02.11-13.44.16:485][892]LogSavePackage:Display: Finished SavePackage ../../../../../../Users/Lucinda Petersen/Documents/GitHub/Slackoff/Office Slacker/Content/Mannequin/Character/Materials/Boss_Body.uasset
[2018.02.11-13.44.16:497][892]MaterialEditorStats: Info Base pass shader: 89 instructions
[2018.02.11-13.44.16:497][892]MaterialEditorStats: Info Vertex shader: 31 instructions
[2018.02.11-13.44.16:497][892]MaterialEditorStats: Info Texture samplers: 4/16
[2018.02.11-13.44.16:497][892]MaterialEditorStats: Info User interpolators: 2/4 Scalars (1/4 Vectors) (TexCoords: 2, Custom: 0)
[2018.02.11-13.44.45:063][532]LogRenderer: Reallocating scene render targets to support 912x540 NumSamples 1 (Frame:1).
[2018.02.11-13.45.30:777][147]BlueprintLog: New page: Compile BossCharacter
[2018.02.11-13.45.32:868][245]LogSavePackage: Save=15.98ms
[2018.02.11-13.45.32:868][245]LogSavePackage: Moving '../../../../../../Users/Lucinda Petersen/Documents/GitHub/Slackoff/Office Slacker/Saved/BossCharacterB879B266457DCD8E3309849FE0F146DA.tmp' to '../../../../../../Users/Lucinda Petersen/Documents/GitHub/Slackoff/Office Slacker/Content/TopDownBP/Character/Boss_AI/BossCharacter.uasset'
[2018.02.11-13.45.32:872][245]LogSavePackage:Display: Finished SavePackage ../../../../../../Users/Lucinda Petersen/Documents/GitHub/Slackoff/Office Slacker/Content/TopDownBP/Character/Boss_AI/BossCharacter.uasset
[2018.02.11-13.47.44:073][ 35]BlueprintLog: New page: Compile BossController
[2018.02.11-13.48.09:992][579]LogFileHelpers: Editor autosave (incl. sublevels) for '/Game/TopDownBP/Maps/TopDownExampleMap' took 0.021
[2018.02.11-13.48.09:995][579]OBJ SavePackage: Generating thumbnails for [0] asset(s) in package [/Game/TopDownBP/Character/Boss_AI/BossController] ([1] browsable assets)...
[2018.02.11-13.48.09:995][579]OBJ SavePackage: Finished generating thumbnails for package [/Game/TopDownBP/Character/Boss_AI/BossController]
[2018.02.11-13.48.10:021][579]LogSavePackage: Save=17.39ms
[2018.02.11-13.48.10:021][579]LogSavePackage: Moving '../../../../../../Users/Lucinda Petersen/Documents/GitHub/Slackoff/Office Slacker/Saved/BossController_Auto17C9BF27E49C748A6259C7495B2A77ECC.tmp' to '../../../../../../Users/Lucinda Petersen/Documents/GitHub/Slackoff/Office Slacker/Saved/Autosaves/Game/TopDownBP/Character/Boss_AI/BossController_Auto1.uasset'
[2018.02.11-13.48.10:022][579]LogSavePackage:Display: Finished SavePackage ../../../../../../Users/Lucinda Petersen/Documents/GitHub/Slackoff/Office Slacker/Saved/Autosaves/Game/TopDownBP/Character/Boss_AI/BossController_Auto1.uasset
[2018.02.11-13.48.10:024][579]OBJ SavePackage: Generating thumbnails for [0] asset(s) in package [/Game/TopDownBP/Character/Boss_AI/BossBT] ([1] browsable assets)...
[2018.02.11-13.48.10:024][579]OBJ SavePackage: Finished generating thumbnails for package [/Game/TopDownBP/Character/Boss_AI/BossBT]
[2018.02.11-13.48.10:029][579]LogSavePackage: Save=3.33ms
[2018.02.11-13.48.10:029][579]LogSavePackage: Moving '../../../../../../Users/Lucinda Petersen/Documents/GitHub/Slackoff/Office Slacker/Saved/BossBT_Auto1BA081DF143BEADD1B2B1E78BD934F3E1.tmp' to '../../../../../../Users/Lucinda Petersen/Documents/GitHub/Slackoff/Office Slacker/Saved/Autosaves/Game/TopDownBP/Character/Boss_AI/BossBT_Auto1.uasset'
[2018.02.11-13.48.10:030][579]LogSavePackage:Display: Finished SavePackage ../../../../../../Users/Lucinda Petersen/Documents/GitHub/Slackoff/Office Slacker/Saved/Autosaves/Game/TopDownBP/Character/Boss_AI/BossBT_Auto1.uasset
[2018.02.11-13.48.10:031][579]OBJ SavePackage: Generating thumbnails for [0] asset(s) in package [/Game/TopDownBP/Character/Boss_AI/BossBlackBoard] ([1] browsable assets)...
[2018.02.11-13.48.10:031][579]OBJ SavePackage: Finished generating thumbnails for package [/Game/TopDownBP/Character/Boss_AI/BossBlackBoard]
[2018.02.11-13.48.10:034][579]LogSavePackage: Save=1.40ms
[2018.02.11-13.48.10:034][579]LogSavePackage: Moving '../../../../../../Users/Lucinda Petersen/Documents/GitHub/Slackoff/Office Slacker/Saved/BossBlackBoard_Auto175F9B24F409C4951DF90BFBD7823331F.tmp' to '../../../../../../Users/Lucinda Petersen/Documents/GitHub/Slackoff/Office Slacker/Saved/Autosaves/Game/TopDownBP/Character/Boss_AI/BossBlackBoard_Auto1.uasset'
[2018.02.11-13.48.10:036][579]LogSavePackage:Display: Finished SavePackage ../../../../../../Users/Lucinda Petersen/Documents/GitHub/Slackoff/Office Slacker/Saved/Autosaves/Game/TopDownBP/Character/Boss_AI/BossBlackBoard_Auto1.uasset
[2018.02.11-13.48.10:036][579]LogFileHelpers: Auto-saving content packages took 0.043
[2018.02.11-13.48.58:495][483]LogSavePackage: Save=16.46ms
[2018.02.11-13.48.58:495][483]LogSavePackage: Moving '../../../../../../Users/Lucinda Petersen/Documents/GitHub/Slackoff/Office Slacker/Saved/BossControllerECBDA0934804FA465667CAA98440F65B.tmp' to '../../../../../../Users/Lucinda Petersen/Documents/GitHub/Slackoff/Office Slacker/Content/TopDownBP/Character/Boss_AI/BossController.uasset'
[2018.02.11-13.48.58:500][483]LogSavePackage:Display: Finished SavePackage ../../../../../../Users/Lucinda Petersen/Documents/GitHub/Slackoff/Office Slacker/Content/TopDownBP/Character/Boss_AI/BossController.uasset
[2018.02.11-13.48.58:512][483]LogSavePackage: Save=2.31ms
[2018.02.11-13.48.58:512][483]LogSavePackage: Moving '../../../../../../Users/Lucinda Petersen/Documents/GitHub/Slackoff/Office Slacker/Saved/BossBTE9B36889493CDE462DE429A6BE3977A7.tmp' to '../../../../../../Users/Lucinda Petersen/Documents/GitHub/Slackoff/Office Slacker/Content/TopDownBP/Character/Boss_AI/BossBT.uasset'
[2018.02.11-13.48.58:517][483]LogSavePackage:Display: Finished SavePackage ../../../../../../Users/Lucinda Petersen/Documents/GitHub/Slackoff/Office Slacker/Content/TopDownBP/Character/Boss_AI/BossBT.uasset
[2018.02.11-13.48.58:528][483]LogSavePackage: Save=2.00ms
[2018.02.11-13.48.58:528][483]LogSavePackage: Moving '../../../../../../Users/Lucinda Petersen/Documents/GitHub/Slackoff/Office Slacker/Saved/BossBlackBoard05EAFA8B4D76DB1F75EB28BF59DD7B33.tmp' to '../../../../../../Users/Lucinda Petersen/Documents/GitHub/Slackoff/Office Slacker/Content/TopDownBP/Character/Boss_AI/BossBlackBoard.uasset'
[2018.02.11-13.48.58:532][483]LogSavePackage:Display: Finished SavePackage ../../../../../../Users/Lucinda Petersen/Documents/GitHub/Slackoff/Office Slacker/Content/TopDownBP/Character/Boss_AI/BossBlackBoard.uasset
[2018.02.11-13.49.04:133][803]LogActorComponent: UnregisterComponent: (/Engine/Transient.EditorFloorComp) Not registered. Aborting.
[2018.02.11-13.49.04:183][803]LogWindowsTextInputMethodSystem:Display: IME system now deactivated.
[2018.02.11-13.49.04:184][803]LogWindowsTextInputMethodSystem:Display: IME system now deactivated.
[2018.02.11-13.49.04:367][804]Cmd: QUIT_EDITOR
[2018.02.11-13.49.04:470][804]LogExit: Preparing to exit.
[2018.02.11-13.49.05:605][804]LogDirectoryWatcher: A directory notification for 'C:/Users/Lucinda Petersen/Documents/GitHub/Slackoff/Office Slacker/Content/' was aborted.
[2018.02.11-13.49.05:761][804]LogExit: Editor shut down
[2018.02.11-13.49.05:765][804]LogExit: Transaction tracking system shut down
[2018.02.11-13.49.06:129][804]LogObj: Freed 0b from 0 cluster array pools.
[2018.02.11-13.49.06:129][804]LogExit: Object subsystem successfully closed.
[2018.02.11-13.49.06:169][804]LogD3D11RHI: Shutdown
[2018.02.11-13.49.06:169][804]LogD3D11RHI: CleanupD3DDevice
[2018.02.11-13.49.06:332][804]LogD3D11RHI: ~FD3D11DynamicRHI
[2018.02.11-13.49.06:414][804]LogModuleManager: Shutting down and abandoning module MaterialEditor (532)
[2018.02.11-13.49.06:414][804]LogModuleManager: Shutting down and abandoning module BlueprintGraph (530)
[2018.02.11-13.49.06:414][804]LogModuleManager: Shutting down and abandoning module BlueprintProfiler (528)
[2018.02.11-13.49.06:414][804]LogModuleManager: Shutting down and abandoning module HierarchicalLODOutliner (526)
[2018.02.11-13.49.06:414][804]LogModuleManager: Shutting down and abandoning module CrashTracker (524)
[2018.02.11-13.49.06:414][804]LogModuleManager: Shutting down and abandoning module WorldBrowser (522)
[2018.02.11-13.49.06:414][804]LogModuleManager: Shutting down and abandoning module SceneOutliner (520)
[2018.02.11-13.49.06:414][804]LogModuleManager: Shutting down and abandoning module AddContentDialog (518)
[2018.02.11-13.49.06:414][804]LogDirectoryWatcher: A directory notification for 'C:/Program Files/Epic Games/UE_4.16/FeaturePacks/' was aborted.
[2018.02.11-13.49.06:415][804]LogModuleManager: Shutting down and abandoning module WidgetCarousel (517)
[2018.02.11-13.49.06:415][804]LogModuleManager: Shutting down and abandoning module EditorWidgets (514)
[2018.02.11-13.49.06:415][804]LogModuleManager: Shutting down and abandoning module CollectionManager (512)
[2018.02.11-13.49.06:416][804]LogDirectoryWatcher: A directory notification for 'C:/Users/Lucinda Petersen/Documents/GitHub/Slackoff/Office Slacker/Content/Collections/' was aborted.
[2018.02.11-13.49.06:416][804]LogDirectoryWatcher: A directory notification for 'C:/Users/Lucinda Petersen/Documents/GitHub/Slackoff/Office Slacker/Content/Developers/LucindaPetersen/Collections/' was aborted.
[2018.02.11-13.49.06:416][804]LogDirectoryWatcher: A directory notification for 'C:/Users/Lucinda Petersen/Documents/GitHub/Slackoff/Office Slacker/Saved/Collections/' was aborted.
[2018.02.11-13.49.06:416][804]LogModuleManager: Shutting down and abandoning module StatsViewer (510)
[2018.02.11-13.49.06:416][804]LogModuleManager: Shutting down and abandoning module FoliageEdit (508)
[2018.02.11-13.49.06:416][804]LogModuleManager: Shutting down and abandoning module LandscapeEditor (506)
[2018.02.11-13.49.06:416][804]LogModuleManager: Shutting down and abandoning module MeshPaintMode (504)
[2018.02.11-13.49.06:416][804]LogModuleManager: Shutting down and abandoning module SceneDepthPickerMode (502)
[2018.02.11-13.49.06:416][804]LogModuleManager: Shutting down and abandoning module ActorPickerMode (500)
[2018.02.11-13.49.06:416][804]LogModuleManager: Shutting down and abandoning module GeometryMode (498)
[2018.02.11-13.49.06:416][804]LogModuleManager: Shutting down and abandoning module TextureAlignMode (496)
[2018.02.11-13.49.06:416][804]LogModuleManager: Shutting down and abandoning module BspMode (494)
[2018.02.11-13.49.06:416][804]LogModuleManager: Shutting down and abandoning module HardwareSurvey (492)
[2018.02.11-13.49.06:416][804]LogModuleManager: Shutting down and abandoning module SequenceRecorderSections (490)
[2018.02.11-13.49.06:416][804]LogModuleManager: Shutting down and abandoning module AutomationWorker (488)
[2018.02.11-13.49.06:416][804]LogModuleManager: Shutting down and abandoning module MatineeToLevelSequence (486)
[2018.02.11-13.49.06:416][804]LogModuleManager: Shutting down and abandoning module LevelSequenceEditor (484)
[2018.02.11-13.49.06:416][804]LogModuleManager: Shutting down and abandoning module PlacementMode (483)
[2018.02.11-13.49.06:416][804]LogModuleManager: Shutting down and abandoning module WmfMediaFactory (480)
[2018.02.11-13.49.06:416][804]LogModuleManager: Shutting down and abandoning module WmfMediaEditor (478)
[2018.02.11-13.49.06:416][804]LogModuleManager: Shutting down and abandoning module AvfMediaFactory (476)
[2018.02.11-13.49.06:416][804]LogModuleManager: Shutting down and abandoning module AvfMediaEditor (474)
[2018.02.11-13.49.06:416][804]LogModuleManager: Shutting down and abandoning module AndroidMediaFactory (472)
[2018.02.11-13.49.06:416][804]LogModuleManager: Shutting down and abandoning module Media (471)
[2018.02.11-13.49.06:416][804]LogModuleManager: Shutting down and abandoning module AndroidMediaEditor (468)
[2018.02.11-13.49.06:416][804]LogModuleManager: Shutting down and abandoning module CharacterAI (466)
[2018.02.11-13.49.06:416][804]LogModuleManager: Shutting down and abandoning module AudioCapture (464)
[2018.02.11-13.49.06:416][804]LogModuleManager: Shutting down and abandoning module SequenceRecorder (463)
[2018.02.11-13.49.06:447][804]LogModuleManager: Shutting down and abandoning module SmartSnapping (460)
[2018.02.11-13.49.06:447][804]LogModuleManager: Shutting down and abandoning module SessionServices (458)
[2018.02.11-13.49.06:447][804]LogModuleManager: Shutting down and abandoning module ViewportSnapping (456)
[2018.02.11-13.49.06:447][804]LogModuleManager: Shutting down and abandoning module ViewportInteraction (454)
[2018.02.11-13.49.06:447][804]LogModuleManager: Shutting down and abandoning module ClothPainter (452)
[2018.02.11-13.49.06:447][804]LogModuleManager: Shutting down and abandoning module LogVisualizer (450)
[2018.02.11-13.49.06:447][804]LogModuleManager: Shutting down and abandoning module IntroTutorials (448)
[2018.02.11-13.49.06:448][804]LogModuleManager: Shutting down and abandoning module GameProjectGeneration (447)
[2018.02.11-13.49.06:469][804]LogModuleManager: Shutting down and abandoning module EditorLiveStreaming (444)
[2018.02.11-13.49.06:469][804]LogModuleManager: Shutting down and abandoning module IOSPlatformEditor (442)
[2018.02.11-13.49.06:469][804]LogModuleManager: Shutting down and abandoning module HTML5PlatformEditor (440)
[2018.02.11-13.49.06:469][804]LogModuleManager: Shutting down and abandoning module AndroidPlatformEditor (438)
[2018.02.11-13.49.06:469][804]LogModuleManager: Shutting down and abandoning module AndroidDeviceDetection (437)
[2018.02.11-13.49.06:491][804]LogModuleManager: Shutting down and abandoning module IOSRuntimeSettings (434)
[2018.02.11-13.49.06:491][804]LogModuleManager: Shutting down and abandoning module AndroidRuntimeSettings (432)
[2018.02.11-13.49.06:491][804]LogModuleManager: Shutting down and abandoning module InputBindingEditor (430)
[2018.02.11-13.49.06:491][804]LogModuleManager: Shutting down and abandoning module MergeActors (428)
[2018.02.11-13.49.06:491][804]LogModuleManager: Shutting down and abandoning module SizeMap (426)
[2018.02.11-13.49.06:491][804]LogModuleManager: Shutting down and abandoning module TreeMap (424)
[2018.02.11-13.49.06:491][804]LogModuleManager: Shutting down and abandoning module ReferenceViewer (422)
[2018.02.11-13.49.06:491][804]LogModuleManager: Shutting down and abandoning module LocalizationDashboard (420)
[2018.02.11-13.49.06:491][804]LogModuleManager: Shutting down and abandoning module LocalizationService (419)
[2018.02.11-13.49.06:491][804]LogModuleManager: Shutting down and abandoning module HardwareTargeting (416)
[2018.02.11-13.49.06:492][804]LogModuleManager: Shutting down and abandoning module DeviceProfileEditor (414)
[2018.02.11-13.49.06:492][804]LogModuleManager: Shutting down and abandoning module UndoHistory (412)
[2018.02.11-13.49.06:492][804]LogModuleManager: Shutting down and abandoning module UserFeedback (410)
[2018.02.11-13.49.06:492][804]LogModuleManager: Shutting down and abandoning module XmlParser (408)
[2018.02.11-13.49.06:492][804]LogModuleManager: Shutting down and abandoning module Blutility (406)
[2018.02.11-13.49.06:492][804]LogModuleManager: Shutting down and abandoning module ProjectSettingsViewer (404)
[2018.02.11-13.49.06:492][804]LogModuleManager: Shutting down and abandoning module ProjectTargetPlatformEditor (403)
[2018.02.11-13.49.06:492][804]LogModuleManager: Shutting down and abandoning module EditorSettingsViewer (400)
[2018.02.11-13.49.06:492][804]LogModuleManager: Shutting down and abandoning module SettingsEditor (398)
[2018.02.11-13.49.06:492][804]LogModuleManager: Shutting down and abandoning module ProjectLauncher (396)
[2018.02.11-13.49.06:492][804]LogModuleManager: Shutting down and abandoning module SessionFrontend (394)
[2018.02.11-13.49.06:492][804]LogModuleManager: Shutting down and abandoning module ProfilerClient (392)
[2018.02.11-13.49.06:492][804]LogModuleManager: Shutting down and abandoning module DeviceManager (390)
[2018.02.11-13.49.06:501][804]LogModuleManager: Shutting down and abandoning module TargetDeviceServices (389)
[2018.02.11-13.49.06:556][804]LogModuleManager: Shutting down and abandoning module AutomationController (386)
[2018.02.11-13.49.06:556][804]LogModuleManager: Shutting down and abandoning module AutomationWindow (384)
[2018.02.11-13.49.06:556][804]LogModuleManager: Shutting down and abandoning module Layers (382)
[2018.02.11-13.49.06:556][804]LogModuleManager: Shutting down and abandoning module ComponentVisualizers (380)
[2018.02.11-13.49.06:556][804]LogModuleManager: Shutting down and abandoning module DetailCustomizations (378)
[2018.02.11-13.49.06:556][804]LogModuleManager: Shutting down and abandoning module PackagesDialog (376)
[2018.02.11-13.49.06:556][804]LogModuleManager: Shutting down and abandoning module Persona (374)
[2018.02.11-13.49.06:556][804]LogModuleManager: Shutting down and abandoning module AdvancedPreviewScene (373)
[2018.02.11-13.49.06:556][804]LogModuleManager: Shutting down and abandoning module AnimGraph (371)
[2018.02.11-13.49.06:556][804]LogModuleManager: Shutting down and abandoning module Kismet (368)
[2018.02.11-13.49.06:562][804]LogModuleManager: Shutting down and abandoning module ClassViewer (366)
[2018.02.11-13.49.06:564][804]LogModuleManager: Shutting down and abandoning module Toolbox (364)
[2018.02.11-13.49.06:564][804]LogModuleManager: Shutting down and abandoning module ModuleUI (362)
[2018.02.11-13.49.06:564][804]LogModuleManager: Shutting down and abandoning module MovieSceneTools (360)
[2018.02.11-13.49.06:564][804]LogModuleManager: Shutting down and abandoning module OutputLog (358)
[2018.02.11-13.49.06:564][804]LogModuleManager: Shutting down and abandoning module GammaUI (356)
[2018.02.11-13.49.06:564][804]LogModuleManager: Shutting down and abandoning module Documentation (354)
[2018.02.11-13.49.06:564][804]LogModuleManager: Shutting down and abandoning module MovieSceneTracks (352)
[2018.02.11-13.49.06:564][804]LogModuleManager: Shutting down and abandoning module MovieScene (350)
[2018.02.11-13.49.06:564][804]LogModuleManager: Shutting down and abandoning module Niagara (348)
[2018.02.11-13.49.06:564][804]LogModuleManager: Shutting down and abandoning module NiagaraEditor (347)
[2018.02.11-13.49.06:564][804]LogModuleManager: Shutting down and abandoning module StreamingPauseRendering (344)
[2018.02.11-13.49.06:564][804]LogModuleManager: Shutting down and abandoning module AnalyticsET (342)
[2018.02.11-13.49.06:564][804]LogModuleManager: Shutting down and abandoning module PortalServices (340)
[2018.02.11-13.49.06:564][804]LogModuleManager: Shutting down and abandoning module PortalRpc (338)
[2018.02.11-13.49.06:564][804]LogModuleManager: Shutting down and abandoning module MessagingRpc (336)
[2018.02.11-13.49.06:564][804]LogModuleManager: Shutting down and abandoning module AIModule (334)
[2018.02.11-13.49.06:564][804]LogModuleManager: Shutting down and abandoning module GameplayDebugger (333)
[2018.02.11-13.49.06:564][804]LogModuleManager: Shutting down and abandoning module AITestSuite (331)
[2018.02.11-13.49.06:564][804]LogModuleManager: Shutting down and abandoning module ProfilerService (328)
[2018.02.11-13.49.06:760][804]LogModuleManager: Shutting down and abandoning module TaskGraph (326)
[2018.02.11-13.49.06:760][804]LogModuleManager: Shutting down and abandoning module SteamVRController (324)
[2018.02.11-13.49.06:760][804]LogModuleManager: Shutting down and abandoning module SteamVR (322)
[2018.02.11-13.49.06:760][804]LogModuleManager: Shutting down and abandoning module ProceduralMeshComponentEditor (320)
[2018.02.11-13.49.06:760][804]LogModuleManager: Shutting down and abandoning module ProceduralMeshComponent (318)
[2018.02.11-13.49.06:760][804]LogModuleManager: Shutting down and abandoning module OculusLibrary (316)
[2018.02.11-13.49.06:760][804]LogModuleManager: Shutting down and abandoning module OculusInput (314)
[2018.02.11-13.49.06:760][804]LogModuleManager: Shutting down and abandoning module MobilePatchingUtils (312)
[2018.02.11-13.49.06:760][804]LogModuleManager: Shutting down and abandoning module CustomMeshComponent (310)
[2018.02.11-13.49.06:760][804]LogModuleManager: Shutting down and abandoning module CableComponent (308)
[2018.02.11-13.49.06:760][804]LogModuleManager: Shutting down and abandoning module ArchVisCharacter (306)
[2018.02.11-13.49.06:760][804]LogModuleManager: Shutting down and abandoning module AndroidPermission (304)
[2018.02.11-13.49.06:760][804]LogModuleManager: Shutting down and abandoning module MediaPlayerEditor (300)
[2018.02.11-13.49.06:760][804]LogModuleManager: Shutting down and abandoning module HTML5Networking (298)
[2018.02.11-13.49.06:760][804]LogModuleManager: Shutting down and abandoning module AlembicImporter (296)
[2018.02.11-13.49.06:760][804]LogModuleManager: Shutting down and abandoning module AlembicLibrary (295)
[2018.02.11-13.49.06:760][804]LogModuleManager: Shutting down and abandoning module GeometryCache (294)
[2018.02.11-13.49.06:760][804]LogModuleManager: Shutting down and abandoning module GeometryCacheEd (293)
[2018.02.11-13.49.06:760][804]LogModuleManager: Shutting down and abandoning module SuperSearchEditor (288)
[2018.02.11-13.49.06:760][804]LogModuleManager: Shutting down and abandoning module SuperSearch (287)
[2018.02.11-13.49.06:760][804]LogModuleManager: Shutting down and abandoning module SpeedTreeImporter (284)
[2018.02.11-13.49.06:760][804]LogModuleManager: Shutting down and abandoning module PluginBrowser (282)
[2018.02.11-13.49.06:761][804]LogModuleManager: Shutting down and abandoning module MobileLauncherProfileWizard (280)
[2018.02.11-13.49.06:761][804]LogModuleManager: Shutting down and abandoning module VisualStudioSourceCodeAccess (278)
[2018.02.11-13.49.06:761][804]LogModuleManager: Shutting down and abandoning module DesktopPlatform (277)
[2018.02.11-13.49.06:761][804]LogModuleManager: Shutting down and abandoning module UObjectPlugin (274)
[2018.02.11-13.49.06:761][804]LogModuleManager: Shutting down and abandoning module SubversionSourceControl (272)
[2018.02.11-13.49.06:761][804]LogModuleManager: Shutting down and abandoning module PerforceSourceControl (270)
[2018.02.11-13.49.06:761][804]LogModuleManager: Shutting down and abandoning module GitSourceControl (268)
[2018.02.11-13.49.06:761][804]LogModuleManager: Shutting down and abandoning module SourceControl (267)
[2018.02.11-13.49.06:761][804]LogModuleManager: Shutting down and abandoning module LightPropagationVolumeEditor (264)
[2018.02.11-13.49.06:761][804]LogModuleManager: Shutting down and abandoning module PaperTiledImporter (262)
[2018.02.11-13.49.06:761][804]LogModuleManager: Shutting down and abandoning module PaperSpriteSheetImporter (260)
[2018.02.11-13.49.06:761][804]LogModuleManager: Shutting down and abandoning module Paper2DEditor (258)
[2018.02.11-13.49.06:761][804]LogModuleManager: Shutting down and abandoning module MeshPaint (257)
[2018.02.11-13.49.06:761][804]LogModuleManager: Shutting down and abandoning module LevelEditor (255)
[2018.02.11-13.49.06:761][804]LogModuleManager: Shutting down and abandoning module PixelInspectorModule (254)
[2018.02.11-13.49.06:761][804]LogModuleManager: Shutting down and abandoning module MainFrame (252)
[2018.02.11-13.49.06:761][804]LogModuleManager: Shutting down and abandoning module HotReload (251)
[2018.02.11-13.49.06:762][804]LogModuleManager: Shutting down and abandoning module PhysXVehiclesEditor (246)
[2018.02.11-13.49.06:762][804]LogModuleManager: Shutting down and abandoning module PhysXVehicles (244)
[2018.02.11-13.49.06:762][804]LogModuleManager: Shutting down and abandoning module LocationServicesBPLibrary (242)
[2018.02.11-13.49.06:762][804]LogModuleManager: Shutting down and abandoning module ImmediatePhysicsEditor (240)
[2018.02.11-13.49.06:762][804]LogModuleManager: Shutting down and abandoning module ImmediatePhysics (238)
[2018.02.11-13.49.06:762][804]LogModuleManager: Shutting down and abandoning module UdpMessaging (236)
[2018.02.11-13.49.06:864][804]LogModuleManager: Shutting down and abandoning module TcpMessaging (234)
[2018.02.11-13.49.06:964][804]LogModuleManager: Shutting down and abandoning module GameplayTagsEditor (232)
[2018.02.11-13.49.06:964][804]LogModuleManager: Shutting down and abandoning module FacialAnimationEditor (230)
[2018.02.11-13.49.06:964][804]LogModuleManager: Shutting down and abandoning module FacialAnimation (228)
[2018.02.11-13.49.06:964][804]LogModuleManager: Shutting down and abandoning module AssetManagerEditor (226)
[2018.02.11-13.49.06:964][804]LogModuleManager: Shutting down and abandoning module GraphEditor (225)
[2018.02.11-13.49.06:964][804]LogModuleManager: Shutting down and abandoning module ContentBrowser (223)
[2018.02.11-13.49.06:965][804]LogModuleManager: Shutting down and abandoning module LightPropagationVolumeRuntime (220)
[2018.02.11-13.49.06:965][804]LogModuleManager: Shutting down and abandoning module Paper2D (218)
[2018.02.11-13.49.06:965][804]LogModuleManager: Shutting down and abandoning module WindowsMoviePlayer (216)
[2018.02.11-13.49.06:965][804]LogModuleManager: Shutting down and abandoning module WmfMedia (214)
[2018.02.11-13.49.06:965][804]LogModuleManager: Shutting down and abandoning module ClothingSystemEditor (212)
[2018.02.11-13.49.06:965][804]LogModuleManager: Shutting down and abandoning module ClothingSystemRuntime (210)
[2018.02.11-13.49.06:965][804]LogModuleManager: Shutting down and abandoning module MediaAssets (208)
[2018.02.11-13.49.06:965][804]LogModuleManager: Shutting down and abandoning module GameLiveStreaming (206)
[2018.02.11-13.49.06:965][804]LogModuleManager: Shutting down and abandoning module VREditor (204)
[2018.02.11-13.49.06:965][804]LogModuleManager: Shutting down and abandoning module StringTableEditor (202)
[2018.02.11-13.49.06:965][804]LogModuleManager: Shutting down and abandoning module GameplayTasksEditor (200)
[2018.02.11-13.49.06:965][804]LogModuleManager: Shutting down and abandoning module BehaviorTreeEditor (198)
[2018.02.11-13.49.06:965][804]LogModuleManager: Shutting down and abandoning module FunctionalTesting (196)
[2018.02.11-13.49.06:965][804]LogModuleManager: Shutting down and abandoning module CollisionAnalyzer (194)
[2018.02.11-13.49.06:965][804]LogModuleManager: Shutting down and abandoning module UMG (192)
[2018.02.11-13.49.06:984][804]LogModuleManager: Shutting down and abandoning module UMGEditor (191)
[2018.02.11-13.49.06:984][804]LogModuleManager: Shutting down and abandoning module Sequencer (190)
[2018.02.11-13.49.06:984][804]LogModuleManager: Shutting down and abandoning module AssetTools (188)
[2018.02.11-13.49.06:984][804]LogModuleManager: Shutting down and abandoning module MessageLog (187)
[2018.02.11-13.49.06:984][804]LogModuleManager: Shutting down and abandoning module WorkspaceMenuStructure (186)
[2018.02.11-13.49.06:984][804]LogModuleManager: Shutting down and abandoning module SlateReflector (180)
[2018.02.11-13.49.06:984][804]LogModuleManager: Shutting down and abandoning module Slate (178)
[2018.02.11-13.49.06:984][804]LogModuleManager: Shutting down and abandoning module EditorStyle (176)
[2018.02.11-13.49.06:987][804]LogModuleManager: Shutting down and abandoning module SourceCodeAccess (174)
[2018.02.11-13.49.06:987][804]LogModuleManager: Shutting down and abandoning module HeadMountedDisplay (172)
[2018.02.11-13.49.06:987][804]LogModuleManager: Shutting down and abandoning module XAudio2 (170)
[2018.02.11-13.49.06:987][804]LogModuleManager: Shutting down and abandoning module Networking (168)
[2018.02.11-13.49.06:987][804]LogModuleManager: Shutting down and abandoning module Core (164)
[2018.02.11-13.49.06:987][804]LogModuleManager: Shutting down and abandoning module AssetRegistry (162)
[2018.02.11-13.49.07:109][804]LogDirectoryWatcher: A directory notification for '../../../Engine/Content/' was aborted.
[2018.02.11-13.49.07:109][804]LogDirectoryWatcher: A directory notification for '../../../../../../Users/Lucinda Petersen/Documents/GitHub/Slackoff/Office Slacker/Content/' was aborted.
[2018.02.11-13.49.07:109][804]LogDirectoryWatcher: A directory notification for '../../../Engine/Plugins/2D/Paper2D/Content/' was aborted.
[2018.02.11-13.49.07:109][804]LogDirectoryWatcher: A directory notification for '../../../Engine/Plugins/Runtime/GearVR/Content/' was aborted.
[2018.02.11-13.49.07:112][804]LogModuleManager: Shutting down and abandoning module DirectoryWatcher (161)
[2018.02.11-13.49.07:113][804]LogModuleManager: Shutting down and abandoning module KismetCompiler (158)
[2018.02.11-13.49.07:113][804]LogModuleManager: Shutting down and abandoning module LevelSequence (156)
[2018.02.11-13.49.07:113][804]LogModuleManager: Shutting down and abandoning module PhysXFormats (154)
[2018.02.11-13.49.07:113][804]LogModuleManager: Shutting down and abandoning module MeshUtilities (152)
[2018.02.11-13.49.07:113][804]LogModuleManager: Shutting down and abandoning module SimplygonSwarm (151)
[2018.02.11-13.49.07:113][804]LogModuleManager: Shutting down and abandoning module SimplygonMeshReduction (149)
[2018.02.11-13.49.07:113][804]LogModuleManager: Shutting down and abandoning module QuadricMeshReduction (147)
[2018.02.11-13.49.07:113][804]LogModuleManager: Shutting down and abandoning module DerivedDataCache (144)
[2018.02.11-13.49.07:196][804]LogDerivedDataCache: Shutdown
[2018.02.11-13.49.07:196][804]LogModuleManager: Shutting down and abandoning module TargetPlatform (142)
[2018.02.11-13.49.07:196][804]LogModuleManager: Shutting down and abandoning module VulkanShaderFormat (141)
[2018.02.11-13.49.07:196][804]LogModuleManager: Shutting down and abandoning module ShaderFormatVectorVM (139)
[2018.02.11-13.49.07:196][804]LogModuleManager: Shutting down and abandoning module ShaderFormatOpenGL (137)
[2018.02.11-13.49.07:196][804]LogModuleManager: Shutting down and abandoning module ShaderFormatD3D (135)
[2018.02.11-13.49.07:196][804]LogModuleManager: Shutting down and abandoning module MetalShaderFormat (133)
[2018.02.11-13.49.07:196][804]LogModuleManager: Shutting down and abandoning module TextureFormatUncompressed (131)
[2018.02.11-13.49.07:196][804]LogModuleManager: Shutting down and abandoning module TextureFormatPVR (129)
[2018.02.11-13.49.07:196][804]LogModuleManager: Shutting down and abandoning module TextureFormatDXT (127)
[2018.02.11-13.49.07:196][804]LogModuleManager: Shutting down and abandoning module TextureFormatIntelISPCTexComp (125)
[2018.02.11-13.49.07:196][804]LogModuleManager: Shutting down and abandoning module TextureFormatASTC (123)
[2018.02.11-13.49.07:196][804]LogModuleManager: Shutting down and abandoning module ImageWrapper (122)
[2018.02.11-13.49.07:196][804]LogModuleManager: Shutting down and abandoning module TextureFormatAndroid (119)
[2018.02.11-13.49.07:196][804]LogModuleManager: Shutting down and abandoning module AudioFormatOpus (117)
[2018.02.11-13.49.07:196][804]LogModuleManager: Shutting down and abandoning module AudioFormatOgg (115)
[2018.02.11-13.49.07:196][804]LogModuleManager: Shutting down and abandoning module AudioFormatADPCM (113)
[2018.02.11-13.49.07:196][804]LogModuleManager: Shutting down and abandoning module LinuxTargetPlatform (111)
[2018.02.11-13.49.07:196][804]LogModuleManager: Shutting down and abandoning module LinuxServerTargetPlatform (109)
[2018.02.11-13.49.07:196][804]LogModuleManager: Shutting down and abandoning module LinuxNoEditorTargetPlatform (107)
[2018.02.11-13.49.07:196][804]LogModuleManager: Shutting down and abandoning module LinuxClientTargetPlatform (105)
[2018.02.11-13.49.07:196][804]LogModuleManager: Shutting down and abandoning module TVOSTargetPlatform (103)
[2018.02.11-13.49.07:197][804]LogModuleManager: Shutting down and abandoning module Messaging (101)
[2018.02.11-13.49.07:197][804]LogModuleManager: Shutting down and abandoning module IOSTargetPlatform (99)
[2018.02.11-13.49.07:197][804]LogModuleManager: Shutting down and abandoning module HTML5TargetPlatform (97)
[2018.02.11-13.49.07:197][804]LogModuleManager: Shutting down and abandoning module Android_PVRTCTargetPlatform (95)
[2018.02.11-13.49.07:197][804]LogModuleManager: Shutting down and abandoning module Android_MultiTargetPlatform (93)
[2018.02.11-13.49.07:197][804]LogModuleManager: Shutting down and abandoning module Android_ETC2TargetPlatform (91)
[2018.02.11-13.49.07:197][804]LogModuleManager: Shutting down and abandoning module Android_ETC1TargetPlatform (89)
[2018.02.11-13.49.07:197][804]LogModuleManager: Shutting down and abandoning module Android_DXTTargetPlatform (87)
[2018.02.11-13.49.07:197][804]LogModuleManager: Shutting down and abandoning module Android_ATCTargetPlatform (85)
[2018.02.11-13.49.07:197][804]LogModuleManager: Shutting down and abandoning module Android_ASTCTargetPlatform (83)
[2018.02.11-13.49.07:197][804]LogModuleManager: Shutting down and abandoning module AndroidTargetPlatform (81)
[2018.02.11-13.49.07:197][804]LogModuleManager: Shutting down and abandoning module WindowsTargetPlatform (79)
[2018.02.11-13.49.07:197][804]LogModuleManager: Shutting down and abandoning module WindowsServerTargetPlatform (77)
[2018.02.11-13.49.07:197][804]LogModuleManager: Shutting down and abandoning module WindowsNoEditorTargetPlatform (75)
[2018.02.11-13.49.07:197][804]LogModuleManager: Shutting down and abandoning module WindowsClientTargetPlatform (73)
[2018.02.11-13.49.07:197][804]LogModuleManager: Shutting down and abandoning module MacTargetPlatform (71)
[2018.02.11-13.49.07:197][804]LogModuleManager: Shutting down and abandoning module MacServerTargetPlatform (69)
[2018.02.11-13.49.07:197][804]LogModuleManager: Shutting down and abandoning module MacNoEditorTargetPlatform (67)
[2018.02.11-13.49.07:197][804]LogModuleManager: Shutting down and abandoning module MacClientTargetPlatform (65)
[2018.02.11-13.49.07:197][804]LogModuleManager: Shutting down and abandoning module AllDesktopTargetPlatform (63)
[2018.02.11-13.49.07:197][804]LogModuleManager: Shutting down and abandoning module InputCore (60)
[2018.02.11-13.49.07:197][804]LogModuleManager: Shutting down and abandoning module Settings (58)
[2018.02.11-13.49.07:197][804]LogModuleManager: Shutting down and abandoning module OculusRift (56)
[2018.02.11-13.49.07:197][804]LogModuleManager: Shutting down and abandoning module GearVRController (54)
[2018.02.11-13.49.07:197][804]LogModuleManager: Shutting down and abandoning module GearVR (52)
[2018.02.11-13.49.07:197][804]LogModuleManager: Shutting down and abandoning module ExampleDeviceProfileSelector (50)
[2018.02.11-13.49.07:197][804]LogModuleManager: Shutting down and abandoning module OnlineBlueprintSupport (48)
[2018.02.11-13.49.07:197][804]LogModuleManager: Shutting down and abandoning module OnlineSubsystem (44)
[2018.02.11-13.49.07:197][804]LogOnline:Display: Unloading online subsystem: NULL
[2018.02.11-13.49.07:197][804]LogModuleManager: Shutting down and abandoning module XMPP (43)
[2018.02.11-13.49.07:197][804]LogModuleManager: Shutting down and abandoning module HTTP (41)
[2018.02.11-13.49.07:197][804]LogHttp:Display: Http module shutting down, but needs to wait on 1 outstanding Http requests:
[2018.02.11-13.49.07:197][804]LogHttp:Display: 	verb=[POST] url=[https://datarouter.ol.epicgames.com/datarouter/api/v1/public/data?SessionID=%7B3467BB69-4E9E-D642-39CA-96918BB11B06%7D&AppID=UEEditor.Rocket.Release&AppVersion=4.16.3-3561208%2B%2B%2BUE4%2BRelease-4.16&UserID=e1ca25a24404b212661a2582f0b5c5d4%7C366e202f1c974f869da3d885854b6a1d%7Ca912f899-44bb-4c9a-a7f0-d9b934be5e49&AppEnvironment=datacollector-binary&UploadType=eteventstream] status=Processing
[2018.02.11-13.49.07:220][804]LogModuleManager: Shutting down and abandoning module SSL (40)
[2018.02.11-13.49.07:221][804]LogModuleManager: Shutting down and abandoning module HTTPChunkInstaller (36)
[2018.02.11-13.49.07:221][804]LogModuleManager: Shutting down and abandoning module AnimationModifiers (34)
[2018.02.11-13.49.07:221][804]LogModuleManager: Shutting down and abandoning module PropertyEditor (33)
[2018.02.11-13.49.07:221][804]LogModuleManager: Shutting down and abandoning module AudioEditor (30)
[2018.02.11-13.49.07:221][804]LogModuleManager: Shutting down and abandoning module TextureCompressor (28)
[2018.02.11-13.49.07:221][804]LogModuleManager: Shutting down and abandoning module ShaderCore (26)
[2018.02.11-13.49.07:221][804]LogModuleManager: Shutting down and abandoning module Landscape (24)
[2018.02.11-13.49.07:221][804]LogModuleManager: Shutting down and abandoning module SlateRHIRenderer (22)
[2018.02.11-13.49.07:222][804]LogModuleManager: Shutting down and abandoning module OpenGLDrv (20)
[2018.02.11-13.49.07:222][804]LogModuleManager: Shutting down and abandoning module D3D11RHI (18)
[2018.02.11-13.49.07:222][804]LogModuleManager: Shutting down and abandoning module AnimGraphRuntime (16)
[2018.02.11-13.49.07:222][804]LogModuleManager: Shutting down and abandoning module Renderer (14)
[2018.02.11-13.49.07:222][804]LogModuleManager: Shutting down and abandoning module Engine (12)
[2018.02.11-13.49.07:222][804]LogModuleManager: Shutting down and abandoning module CoreUObject (10)
[2018.02.11-13.49.07:222][804]LogModuleManager: Shutting down and abandoning module NetworkFile (8)
[2018.02.11-13.49.07:222][804]LogModuleManager: Shutting down and abandoning module StreamingFile (6)
[2018.02.11-13.49.07:222][804]LogModuleManager: Shutting down and abandoning module SandboxFile (4)
[2018.02.11-13.49.07:222][804]LogModuleManager: Shutting down and abandoning module PakFile (2)
[2018.02.11-13.49.07:224][804]LogExit: Exiting.
[2018.02.11-13.49.07:235][804]Log file closed, 02/11/18 07:49:07
